Log file open, 05/02/22 22:21:29
LogWindows: Failed to load 'aqProf.dll' (GetLastError=126)
LogWindows: File 'aqProf.dll' does not exist
LogWindows: Failed to load 'VtuneApi.dll' (GetLastError=126)
LogWindows: File 'VtuneApi.dll' does not exist
LogWindows: Failed to load 'VtuneApi32e.dll' (GetLastError=126)
LogWindows: File 'VtuneApi32e.dll' does not exist
LogConsoleResponse: Display: Failed to find resolution value strings in scalability ini. Falling back to default.
LogConsoleResponse: Display: Failed to find resolution value strings in scalability ini. Falling back to default.
LogInit: Display: Running engine for game: Azumi3D
LogPlatformFile: Not using cached read wrapper
LogTaskGraph: Started task graph with 5 named threads and 23 total threads with 3 sets of task threads.
LogStats: Stats thread started at 0.296077
LogICUInternationalization: ICU TimeZone Detection - Raw Offset: +1:00, Platform Override: ''
LogInit: Display: Loading text-based GConfig....
LogPluginManager: Mounting plugin MeshPainting
LogPluginManager: Mounting plugin XGEController
LogPluginManager: Mounting plugin Paper2D
LogPluginManager: Mounting plugin LiveLink
LogPluginManager: Mounting plugin AISupport
LogPluginManager: Mounting plugin EnvironmentQueryEditor
LogPluginManager: Mounting plugin OodleData
LogPluginManager: Mounting plugin LightPropagationVolume
LogPluginManager: Mounting plugin AnimationSharing
LogPluginManager: Mounting plugin OodleNetwork
LogPluginManager: Mounting plugin GameplayCameras
LogPluginManager: Mounting plugin CLionSourceCodeAccess
LogPluginManager: Mounting plugin CameraShakePreviewer
LogPluginManager: Mounting plugin CodeLiteSourceCodeAccess
LogPluginManager: Mounting plugin NullSourceCodeAccess
LogPluginManager: Mounting plugin PerforceSourceControl
LogPluginManager: Mounting plugin KDevelopSourceCodeAccess
LogPluginManager: Mounting plugin GitSourceControl
LogPluginManager: Mounting plugin PixWinPlugin
LogPluginManager: Mounting plugin PlasticSourceControl
LogPluginManager: Mounting plugin PluginUtils
LogPluginManager: Mounting plugin PropertyAccessNode
LogPluginManager: Mounting plugin RiderSourceCodeAccess
LogPluginManager: Mounting plugin Niagara
LogPluginManager: Mounting plugin SubversionSourceControl
LogPluginManager: Mounting plugin TextureFormatOodle
LogPluginManager: Mounting plugin UObjectPlugin
LogPluginManager: Mounting plugin VisualStudioCodeSourceCodeAccess
LogPluginManager: Mounting plugin VisualStudioSourceCodeAccess
LogPluginManager: Mounting plugin XCodeSourceCodeAccess
LogPluginManager: Mounting plugin DatasmithContent
LogPluginManager: Mounting plugin AlembicImporter
LogPluginManager: Mounting plugin LuminPlatformFeatures
LogPluginManager: Mounting plugin AutomationUtils
LogPluginManager: Mounting plugin BackChannel
LogPluginManager: Mounting plugin ChaosCloth
LogPluginManager: Mounting plugin ChaosClothEditor
LogPluginManager: Mounting plugin ChaosEditor
LogPluginManager: Mounting plugin ChaosNiagara
LogPluginManager: Mounting plugin ChaosSolverPlugin
LogPluginManager: Mounting plugin MagicLeap
LogPluginManager: Mounting plugin MagicLeapLightEstimation
LogPluginManager: Mounting plugin VariantManagerContent
LogPluginManager: Mounting plugin MagicLeapMedia
LogPluginManager: Mounting plugin CharacterAI
LogPluginManager: Mounting plugin MagicLeapPassableWorld
LogPluginManager: Mounting plugin AndroidMedia
LogPluginManager: Mounting plugin AvfMedia
LogPluginManager: Mounting plugin MLSDK
LogPluginManager: Mounting plugin ImgMedia
LogPluginManager: Mounting plugin GeometryCache
LogPluginManager: Mounting plugin MediaCompositing
LogPluginManager: Mounting plugin MediaPlayerEditor
LogPluginManager: Mounting plugin WebMMedia
LogPluginManager: Mounting plugin WmfMedia
LogPluginManager: Mounting plugin GeometryProcessing
LogPluginManager: Mounting plugin GeometryCollectionPlugin
LogPluginManager: Mounting plugin MotoSynth
LogPluginManager: Mounting plugin OpenImageDenoise
LogPluginManager: Mounting plugin PlanarCut
LogPluginManager: Mounting plugin PlatformCrypto
LogPluginManager: Mounting plugin ProxyLODPlugin
LogPluginManager: Mounting plugin PythonScriptPlugin
LogPluginManager: Mounting plugin SkeletalReduction
LogPluginManager: Mounting plugin UdpMessaging
LogPluginManager: Mounting plugin TcpMessaging
LogPluginManager: Mounting plugin ActorSequence
LogPluginManager: Mounting plugin LevelSequenceEditor
LogPluginManager: Mounting plugin MatineeToLevelSequence
LogPluginManager: Mounting plugin TemplateSequence
LogPluginManager: Mounting plugin OnlineSubsystem
LogPluginManager: Mounting plugin OnlineSubsystemNull
LogPluginManager: Mounting plugin OnlineSubsystemUtils
LogPluginManager: Mounting plugin LauncherChunkInstaller
LogPluginManager: Mounting plugin ActorLayerUtilities
LogPluginManager: Mounting plugin AndroidMoviePlayer
LogPluginManager: Mounting plugin AndroidDeviceProfileSelector
LogPluginManager: Mounting plugin AndroidPermission
LogPluginManager: Mounting plugin AppleImageUtils
LogPluginManager: Mounting plugin AppleMoviePlayer
LogPluginManager: Mounting plugin ArchVisCharacter
LogPluginManager: Mounting plugin AssetTags
LogPluginManager: Mounting plugin AudioCapture
LogPluginManager: Mounting plugin AudioSynesthesia
LogPluginManager: Mounting plugin ChunkDownloader
LogPluginManager: Mounting plugin CustomMeshComponent
LogPluginManager: Mounting plugin CableComponent
LogPluginManager: Mounting plugin EditableMesh
LogPluginManager: Mounting plugin ExampleDeviceProfileSelector
LogPluginManager: Mounting plugin GoogleCloudMessaging
LogPluginManager: Mounting plugin GooglePAD
LogPluginManager: Mounting plugin IOSDeviceProfileSelector
LogPluginManager: Mounting plugin LinuxDeviceProfileSelector
LogPluginManager: Mounting plugin LocationServicesBPLibrary
LogPluginManager: Mounting plugin MobilePatchingUtils
LogPluginManager: Mounting plugin OpenXRHandTracking
LogPluginManager: Mounting plugin OpenXREyeTracker
LogPluginManager: Mounting plugin OpenXR
LogPluginManager: Mounting plugin PhysXVehicles
LogPluginManager: Mounting plugin ScreenshotTools
LogPluginManager: Mounting plugin PostSplashScreen
LogPluginManager: Mounting plugin ProceduralMeshComponent
LogPluginManager: Mounting plugin PropertyAccessEditor
LogPluginManager: Mounting plugin RuntimePhysXCooking
LogPluginManager: Mounting plugin SignificanceManager
LogPluginManager: Mounting plugin SoundFields
LogPluginManager: Mounting plugin Synthesis
LogPluginManager: Mounting plugin WebMMoviePlayer
LogPluginManager: Mounting plugin Takes
LogPluginManager: Mounting plugin WindowsMoviePlayer
LogPluginManager: Mounting plugin AssetManagerEditor
LogPluginManager: Mounting plugin CryptoKeys
LogPluginManager: Mounting plugin CurveEditorTools
LogPluginManager: Mounting plugin DataValidation
LogPluginManager: Mounting plugin FacialAnimation
LogPluginManager: Mounting plugin GameplayTagsEditor
LogPluginManager: Mounting plugin GeometryMode
LogPluginManager: Mounting plugin MacGraphicsSwitching
LogPluginManager: Mounting plugin MaterialAnalyzer
LogPluginManager: Mounting plugin MobileLauncherProfileWizard
LogPluginManager: Mounting plugin PluginBrowser
LogPluginManager: Mounting plugin SpeedTreeImporter
LogPluginManager: Mounting plugin OnlineSubsystemGooglePlay
LogPluginManager: Mounting plugin OnlineSubsystemIOS
LogPluginManager: Mounting plugin OculusVR
LogPluginManager: Mounting plugin SteamVR
LogPluginManager: Mounting plugin ContentBrowserAssetDataSource
LogPluginManager: Mounting plugin ContentBrowserClassDataSource
LogPluginManager: Mounting plugin ContentBrowserFileDataSource
PixWinPlugin: PIX capture plugin failed to initialize! Check that the process is launched from PIX.
LogInit: Using libcurl 7.55.1-DEV
LogInit:  - built for x86_64-pc-win32
LogInit:  - supports SSL with OpenSSL/1.1.1
LogInit:  - supports HTTP deflate (compression) using libz 1.2.8
LogInit:  - other features:
LogInit:      CURL_VERSION_SSL
LogInit:      CURL_VERSION_LIBZ
LogInit:      CURL_VERSION_IPV6
LogInit:      CURL_VERSION_ASYNCHDNS
LogInit:      CURL_VERSION_LARGEFILE
LogInit:      CURL_VERSION_IDN
LogInit:  CurlRequestOptions (configurable via config and command line):
LogInit:  - bVerifyPeer = true  - Libcurl will verify peer certificate
LogInit:  - bUseHttpProxy = false  - Libcurl will NOT use HTTP proxy
LogInit:  - bDontReuseConnections = false  - Libcurl will reuse connections
LogInit:  - MaxHostConnections = 16  - Libcurl will limit the number of connections to a host
LogInit:  - LocalHostAddr = Default
LogInit:  - BufferSize = 65536
LogOnline: OSS: Creating online subsystem instance for: NULL
LogInit: WinSock: version 1.1 (2.2), MaxSocks=32767, MaxUdp=65467
LogOnline: OSS: TryLoadSubsystemAndSetDefault: Loaded subsystem for module [NULL]
LogOculusPluginWrapper: OculusPlugin initialized successfully
LogHMD: Failed initializing OVRPlugin 1.59.0
LogInit: Build: ++UE4+Release-4.27-CL-18319896
LogInit: Engine Version: 4.27.2-18319896+++UE4+Release-4.27
LogInit: Compatible Engine Version: 4.27.0-17155196+++UE4+Release-4.27
LogInit: Net CL: 17155196
LogInit: OS: Windows 10 (Release 2009) (), CPU:         Intel(R) Core(TM) i7-3770 CPU @ 3.40GHz, GPU: NVIDIA GeForce GTX 970
LogInit: Compiled (64-bit): Nov 30 2021 07:12:08
LogInit: Compiled with Visual C++: 19.24.28315.00
LogInit: Build Configuration: Development
LogInit: Branch Name: ++UE4+Release-4.27
LogInit: Command Line: 
LogInit: Base Directory: D:/Programs/UE_4.27/Engine/Binaries/Win64/
LogInit: Allocator: TBB
LogInit: Installed Engine Build: 1
LogDevObjectVersion: Number of dev versions registered: 29
LogDevObjectVersion:   Dev-Blueprints (B0D832E4-1F89-4F0D-ACCF-7EB736FD4AA2): 10
LogDevObjectVersion:   Dev-Build (E1C64328-A22C-4D53-A36C-8E866417BD8C): 0
LogDevObjectVersion:   Dev-Core (375EC13C-06E4-48FB-B500-84F0262A717E): 4
LogDevObjectVersion:   Dev-Editor (E4B068ED-F494-42E9-A231-DA0B2E46BB41): 40
LogDevObjectVersion:   Dev-Framework (CFFC743F-43B0-4480-9391-14DF171D2073): 37
LogDevObjectVersion:   Dev-Mobile (B02B49B5-BB20-44E9-A304-32B752E40360): 3
LogDevObjectVersion:   Dev-Networking (A4E4105C-59A1-49B5-A7C5-40C4547EDFEE): 0
LogDevObjectVersion:   Dev-Online (39C831C9-5AE6-47DC-9A44-9C173E1C8E7C): 0
LogDevObjectVersion:   Dev-Physics (78F01B33-EBEA-4F98-B9B4-84EACCB95AA2): 14
LogDevObjectVersion:   Dev-Platform (6631380F-2D4D-43E0-8009-CF276956A95A): 0
LogDevObjectVersion:   Dev-Rendering (12F88B9F-8875-4AFC-A67C-D90C383ABD29): 45
LogDevObjectVersion:   Dev-Sequencer (7B5AE74C-D270-4C10-A958-57980B212A5A): 13
LogDevObjectVersion:   Dev-VR (D7296918-1DD6-4BDD-9DE2-64A83CC13884): 3
LogDevObjectVersion:   Dev-LoadTimes (C2A15278-BFE7-4AFE-6C17-90FF531DF755): 1
LogDevObjectVersion:   Private-Geometry (6EACA3D4-40EC-4CC1-B786-8BED09428FC5): 3
LogDevObjectVersion:   Dev-AnimPhys (29E575DD-E0A3-4627-9D10-D276232CDCEA): 17
LogDevObjectVersion:   Dev-Anim (AF43A65D-7FD3-4947-9873-3E8ED9C1BB05): 15
LogDevObjectVersion:   Dev-ReflectionCapture (6B266CEC-1EC7-4B8F-A30B-E4D90942FC07): 1
LogDevObjectVersion:   Dev-Automation (0DF73D61-A23F-47EA-B727-89E90C41499A): 1
LogDevObjectVersion:   FortniteMain (601D1886-AC64-4F84-AA16-D3DE0DEAC7D6): 47
LogDevObjectVersion:   FortniteRelease (E7086368-6B23-4C58-8439-1B7016265E91): 1
LogDevObjectVersion:   Dev-Enterprise (9DFFBCD6-494F-0158-E221-12823C92A888): 10
LogDevObjectVersion:   Dev-Niagara (F2AED0AC-9AFE-416F-8664-AA7FFA26D6FC): 1
LogDevObjectVersion:   Dev-Destruction (174F1F0B-B4C6-45A5-B13F-2EE8D0FB917D): 10
LogDevObjectVersion:   Dev-Physics-Ext (35F94A83-E258-406C-A318-09F59610247C): 41
LogDevObjectVersion:   Dev-PhysicsMaterial-Chaos (B68FC16E-8B1B-42E2-B453-215C058844FE): 1
LogDevObjectVersion:   Dev-CineCamera (B2E18506-4273-CFC2-A54E-F4BB758BBA07): 1
LogDevObjectVersion:   Dev-VirtualProduction (64F58936-FD1B-42BA-BA96-7289D5D0FA4E): 1
LogDevObjectVersion:   Dev-MediaFramework (6F0ED827-A609-4895-9C91-998D90180EA4): 2
LogInit: Presizing for max 25165824 objects, including 0 objects not considered by GC, pre-allocating 0 bytes for permanent pool.
LogConfig: Applying CVar settings from Section [/Script/Engine.StreamingSettings] File [D:/Documents/Unreal Projects/Azumi3D/Saved/Config/Windows/Engine.ini]
LogConfig: Setting CVar [[s.MinBulkDataSizeForAsyncLoading:131072]]
LogConfig: Setting CVar [[s.AsyncLoadingThreadEnabled:0]]
LogConfig: Setting CVar [[s.EventDrivenLoaderEnabled:1]]
LogConfig: Setting CVar [[s.WarnIfTimeLimitExceeded:0]]
LogConfig: Setting CVar [[s.TimeLimitExceededMultiplier:1.5]]
LogConfig: Setting CVar [[s.TimeLimitExceededMinTime:0.005]]
LogConfig: Setting CVar [[s.UseBackgroundLevelStreaming:1]]
LogConfig: Setting CVar [[s.PriorityAsyncLoadingExtraTime:15.0]]
LogConfig: Setting CVar [[s.LevelStreamingActorsUpdateTimeLimit:5.0]]
LogConfig: Setting CVar [[s.PriorityLevelStreamingActorsUpdateExtraTime:5.0]]
LogConfig: Setting CVar [[s.LevelStreamingComponentsRegistrationGranularity:10]]
LogConfig: Setting CVar [[s.UnregisterComponentsTimeLimit:1.0]]
LogConfig: Setting CVar [[s.LevelStreamingComponentsUnregistrationGranularity:5]]
LogConfig: Setting CVar [[s.FlushStreamingOnExit:1]]
LogInit: Object subsystem initialized
LogConfig: Setting CVar [[con.DebugEarlyDefault:1]]
LogConfig: Setting CVar [[r.setres:1280x720]]
[2022.05.02-20.21.30:298][  0]LogConfig: Setting CVar [[r.VSync:0]]
[2022.05.02-20.21.30:298][  0]LogConfig: Setting CVar [[r.RHICmdBypass:0]]
[2022.05.02-20.21.30:298][  0]LogConfig: Applying CVar settings from Section [/Script/Engine.RendererSettings] File [D:/Documents/Unreal Projects/Azumi3D/Saved/Config/Windows/Engine.ini]
[2022.05.02-20.21.30:298][  0]LogConfig: Setting CVar [[r.GPUCrashDebugging:0]]
[2022.05.02-20.21.30:298][  0]LogConfig: Setting CVar [[r.DefaultFeature.MotionBlur:0]]
[2022.05.02-20.21.30:298][  0]LogConfig: Applying CVar settings from Section [/Script/Engine.RendererOverrideSettings] File [D:/Documents/Unreal Projects/Azumi3D/Saved/Config/Windows/Engine.ini]
[2022.05.02-20.21.30:298][  0]LogConfig: Applying CVar settings from Section [/Script/Engine.StreamingSettings] File [D:/Documents/Unreal Projects/Azumi3D/Saved/Config/Windows/Engine.ini]
[2022.05.02-20.21.30:298][  0]LogConfig: Setting CVar [[s.MinBulkDataSizeForAsyncLoading:131072]]
[2022.05.02-20.21.30:298][  0]LogConfig: Setting CVar [[s.AsyncLoadingThreadEnabled:0]]
[2022.05.02-20.21.30:298][  0]LogConfig: Setting CVar [[s.EventDrivenLoaderEnabled:1]]
[2022.05.02-20.21.30:298][  0]LogConfig: Setting CVar [[s.WarnIfTimeLimitExceeded:0]]
[2022.05.02-20.21.30:298][  0]LogConfig: Setting CVar [[s.TimeLimitExceededMultiplier:1.5]]
[2022.05.02-20.21.30:298][  0]LogConfig: Setting CVar [[s.TimeLimitExceededMinTime:0.005]]
[2022.05.02-20.21.30:298][  0]LogConfig: Setting CVar [[s.UseBackgroundLevelStreaming:1]]
[2022.05.02-20.21.30:298][  0]LogConfig: Setting CVar [[s.PriorityAsyncLoadingExtraTime:15.0]]
[2022.05.02-20.21.30:298][  0]LogConfig: Setting CVar [[s.LevelStreamingActorsUpdateTimeLimit:5.0]]
[2022.05.02-20.21.30:298][  0]LogConfig: Setting CVar [[s.PriorityLevelStreamingActorsUpdateExtraTime:5.0]]
[2022.05.02-20.21.30:298][  0]LogConfig: Setting CVar [[s.LevelStreamingComponentsRegistrationGranularity:10]]
[2022.05.02-20.21.30:298][  0]LogConfig: Setting CVar [[s.UnregisterComponentsTimeLimit:1.0]]
[2022.05.02-20.21.30:298][  0]LogConfig: Setting CVar [[s.LevelStreamingComponentsUnregistrationGranularity:5]]
[2022.05.02-20.21.30:298][  0]LogConfig: Setting CVar [[s.FlushStreamingOnExit:1]]
[2022.05.02-20.21.30:298][  0]LogConfig: Applying CVar settings from Section [/Script/Engine.GarbageCollectionSettings] File [D:/Documents/Unreal Projects/Azumi3D/Saved/Config/Windows/Engine.ini]
[2022.05.02-20.21.30:298][  0]LogConfig: Setting CVar [[gc.MaxObjectsNotConsideredByGC:1]]
[2022.05.02-20.21.30:298][  0]LogConfig: Setting CVar [[gc.SizeOfPermanentObjectPool:0]]
[2022.05.02-20.21.30:298][  0]LogConfig: Setting CVar [[gc.FlushStreamingOnGC:0]]
[2022.05.02-20.21.30:298][  0]LogConfig: Setting CVar [[gc.NumRetriesBeforeForcingGC:10]]
[2022.05.02-20.21.30:298][  0]LogConfig: Setting CVar [[gc.AllowParallelGC:1]]
[2022.05.02-20.21.30:298][  0]LogConfig: Setting CVar [[gc.TimeBetweenPurgingPendingKillObjects:61.1]]
[2022.05.02-20.21.30:298][  0]LogConfig: Setting CVar [[gc.MaxObjectsInEditor:25165824]]
[2022.05.02-20.21.30:298][  0]LogConfig: Setting CVar [[gc.IncrementalBeginDestroyEnabled:1]]
[2022.05.02-20.21.30:298][  0]LogConfig: Setting CVar [[gc.CreateGCClusters:1]]
[2022.05.02-20.21.30:298][  0]LogConfig: Setting CVar [[gc.MinGCClusterSize:5]]
[2022.05.02-20.21.30:298][  0]LogConfig: Setting CVar [[gc.ActorClusteringEnabled:0]]
[2022.05.02-20.21.30:298][  0]LogConfig: Setting CVar [[gc.BlueprintClusteringEnabled:0]]
[2022.05.02-20.21.30:298][  0]LogConfig: Setting CVar [[gc.UseDisregardForGCOnDedicatedServers:0]]
[2022.05.02-20.21.30:298][  0]LogConfig: Setting CVar [[gc.MultithreadedDestructionEnabled:1]]
[2022.05.02-20.21.30:298][  0]LogConfig: Applying CVar settings from Section [/Script/Engine.NetworkSettings] File [D:/Documents/Unreal Projects/Azumi3D/Saved/Config/Windows/Engine.ini]
[2022.05.02-20.21.30:299][  0]LogConfig: Applying CVar settings from Section [/Script/UnrealEd.CookerSettings] File [D:/Documents/Unreal Projects/Azumi3D/Saved/Config/Windows/Engine.ini]
[2022.05.02-20.21.30:305][  0]LogConfig: Applying CVar settings from Section [ViewDistanceQuality@3] File [D:/Documents/Unreal Projects/Azumi3D/Saved/Config/Windows/Scalability.ini]
[2022.05.02-20.21.30:305][  0]LogConfig: Setting CVar [[r.SkeletalMeshLODBias:0]]
[2022.05.02-20.21.30:306][  0]LogConfig: Setting CVar [[r.ViewDistanceScale:1.0]]
[2022.05.02-20.21.30:306][  0]LogConfig: Applying CVar settings from Section [AntiAliasingQuality@3] File [D:/Documents/Unreal Projects/Azumi3D/Saved/Config/Windows/Scalability.ini]
[2022.05.02-20.21.30:306][  0]LogConfig: Setting CVar [[r.PostProcessAAQuality:4]]
[2022.05.02-20.21.30:306][  0]LogConfig: Applying CVar settings from Section [ShadowQuality@3] File [D:/Documents/Unreal Projects/Azumi3D/Saved/Config/Windows/Scalability.ini]
[2022.05.02-20.21.30:306][  0]LogConfig: Setting CVar [[r.LightFunctionQuality:1]]
[2022.05.02-20.21.30:306][  0]LogConfig: Setting CVar [[r.ShadowQuality:5]]
[2022.05.02-20.21.30:306][  0]LogConfig: Setting CVar [[r.Shadow.CSM.MaxCascades:10]]
[2022.05.02-20.21.30:306][  0]LogConfig: Setting CVar [[r.Shadow.MaxResolution:2048]]
[2022.05.02-20.21.30:306][  0]LogConfig: Setting CVar [[r.Shadow.MaxCSMResolution:2048]]
[2022.05.02-20.21.30:306][  0]LogConfig: Setting CVar [[r.Shadow.RadiusThreshold:0.01]]
[2022.05.02-20.21.30:306][  0]LogConfig: Setting CVar [[r.Shadow.DistanceScale:1.0]]
[2022.05.02-20.21.30:306][  0]LogConfig: Setting CVar [[r.Shadow.CSM.TransitionScale:1.0]]
[2022.05.02-20.21.30:306][  0]LogConfig: Setting CVar [[r.Shadow.PreShadowResolutionFactor:1.0]]
[2022.05.02-20.21.30:306][  0]LogConfig: Setting CVar [[r.DistanceFieldShadowing:1]]
[2022.05.02-20.21.30:306][  0]LogConfig: Setting CVar [[r.DistanceFieldAO:1]]
[2022.05.02-20.21.30:306][  0]LogConfig: Setting CVar [[r.AOQuality:2]]
[2022.05.02-20.21.30:306][  0]LogConfig: Setting CVar [[r.VolumetricFog:1]]
[2022.05.02-20.21.30:306][  0]LogConfig: Setting CVar [[r.VolumetricFog.GridPixelSize:8]]
[2022.05.02-20.21.30:306][  0]LogConfig: Setting CVar [[r.VolumetricFog.GridSizeZ:128]]
[2022.05.02-20.21.30:306][  0]LogConfig: Setting CVar [[r.VolumetricFog.HistoryMissSupersampleCount:4]]
[2022.05.02-20.21.30:306][  0]LogConfig: Setting CVar [[r.LightMaxDrawDistanceScale:1]]
[2022.05.02-20.21.30:306][  0]LogConfig: Setting CVar [[r.CapsuleShadows:1]]
[2022.05.02-20.21.30:306][  0]LogConfig: Applying CVar settings from Section [PostProcessQuality@3] File [D:/Documents/Unreal Projects/Azumi3D/Saved/Config/Windows/Scalability.ini]
[2022.05.02-20.21.30:306][  0]LogConfig: Setting CVar [[r.MotionBlurQuality:4]]
[2022.05.02-20.21.30:306][  0]LogConfig: Setting CVar [[r.AmbientOcclusionMipLevelFactor:0.4]]
[2022.05.02-20.21.30:306][  0]LogConfig: Setting CVar [[r.AmbientOcclusionMaxQuality:100]]
[2022.05.02-20.21.30:306][  0]LogConfig: Setting CVar [[r.AmbientOcclusionLevels:-1]]
[2022.05.02-20.21.30:306][  0]LogConfig: Setting CVar [[r.AmbientOcclusionRadiusScale:1.0]]
[2022.05.02-20.21.30:306][  0]LogConfig: Setting CVar [[r.DepthOfFieldQuality:2]]
[2022.05.02-20.21.30:306][  0]LogConfig: Setting CVar [[r.RenderTargetPoolMin:400]]
[2022.05.02-20.21.30:306][  0]LogConfig: Setting CVar [[r.LensFlareQuality:2]]
[2022.05.02-20.21.30:306][  0]LogConfig: Setting CVar [[r.SceneColorFringeQuality:1]]
[2022.05.02-20.21.30:306][  0]LogConfig: Setting CVar [[r.EyeAdaptationQuality:2]]
[2022.05.02-20.21.30:306][  0]LogConfig: Setting CVar [[r.BloomQuality:5]]
[2022.05.02-20.21.30:306][  0]LogConfig: Setting CVar [[r.FastBlurThreshold:100]]
[2022.05.02-20.21.30:306][  0]LogConfig: Setting CVar [[r.Upscale.Quality:3]]
[2022.05.02-20.21.30:306][  0]LogConfig: Setting CVar [[r.Tonemapper.GrainQuantization:1]]
[2022.05.02-20.21.30:306][  0]LogConfig: Setting CVar [[r.LightShaftQuality:1]]
[2022.05.02-20.21.30:306][  0]LogConfig: Setting CVar [[r.Filter.SizeScale:1]]
[2022.05.02-20.21.30:306][  0]LogConfig: Setting CVar [[r.Tonemapper.Quality:5]]
[2022.05.02-20.21.30:306][  0]LogConfig: Setting CVar [[r.DOF.Gather.AccumulatorQuality:1        ; higher gathering accumulator quality]]
[2022.05.02-20.21.30:306][  0]LogConfig: Setting CVar [[r.DOF.Gather.PostfilterMethod:1          ; Median3x3 postfilering method]]
[2022.05.02-20.21.30:306][  0]LogConfig: Setting CVar [[r.DOF.Gather.EnableBokehSettings:0       ; no bokeh simulation when gathering]]
[2022.05.02-20.21.30:306][  0]LogConfig: Setting CVar [[r.DOF.Gather.RingCount:4                 ; medium number of samples when gathering]]
[2022.05.02-20.21.30:306][  0]LogConfig: Setting CVar [[r.DOF.Scatter.ForegroundCompositing:1    ; additive foreground scattering]]
[2022.05.02-20.21.30:306][  0]LogConfig: Setting CVar [[r.DOF.Scatter.BackgroundCompositing:2    ; additive background scattering]]
[2022.05.02-20.21.30:306][  0]LogConfig: Setting CVar [[r.DOF.Scatter.EnableBokehSettings:1      ; bokeh simulation when scattering]]
[2022.05.02-20.21.30:306][  0]LogConfig: Setting CVar [[r.DOF.Scatter.MaxSpriteRatio:0.1         ; only a maximum of 10% of scattered bokeh]]
[2022.05.02-20.21.30:306][  0]LogConfig: Setting CVar [[r.DOF.Recombine.Quality:1                ; cheap slight out of focus]]
[2022.05.02-20.21.30:306][  0]LogConfig: Setting CVar [[r.DOF.Recombine.EnableBokehSettings:0    ; no bokeh simulation on slight out of focus]]
[2022.05.02-20.21.30:306][  0]LogConfig: Setting CVar [[r.DOF.TemporalAAQuality:1                ; more stable temporal accumulation]]
[2022.05.02-20.21.30:306][  0]LogConfig: Setting CVar [[r.DOF.Kernel.MaxForegroundRadius:0.025]]
[2022.05.02-20.21.30:306][  0]LogConfig: Setting CVar [[r.DOF.Kernel.MaxBackgroundRadius:0.025]]
[2022.05.02-20.21.30:306][  0]LogConfig: Applying CVar settings from Section [TextureQuality@3] File [D:/Documents/Unreal Projects/Azumi3D/Saved/Config/Windows/Scalability.ini]
[2022.05.02-20.21.30:306][  0]LogConfig: Setting CVar [[r.Streaming.MipBias:0]]
[2022.05.02-20.21.30:306][  0]LogConfig: Setting CVar [[r.Streaming.AmortizeCPUToGPUCopy:0]]
[2022.05.02-20.21.30:306][  0]LogConfig: Setting CVar [[r.Streaming.MaxNumTexturesToStreamPerFrame:0]]
[2022.05.02-20.21.30:306][  0]LogConfig: Setting CVar [[r.Streaming.Boost:1]]
[2022.05.02-20.21.30:306][  0]LogConfig: Setting CVar [[r.MaxAnisotropy:8]]
[2022.05.02-20.21.30:306][  0]LogConfig: Setting CVar [[r.VT.MaxAnisotropy:8]]
[2022.05.02-20.21.30:306][  0]LogConfig: Setting CVar [[r.Streaming.LimitPoolSizeToVRAM:0]]
[2022.05.02-20.21.30:306][  0]LogConfig: Setting CVar [[r.Streaming.PoolSize:1000]]
[2022.05.02-20.21.30:307][  0]LogConfig: Setting CVar [[r.Streaming.MaxEffectiveScreenSize:0]]
[2022.05.02-20.21.30:307][  0]LogConfig: Applying CVar settings from Section [EffectsQuality@3] File [D:/Documents/Unreal Projects/Azumi3D/Saved/Config/Windows/Scalability.ini]
[2022.05.02-20.21.30:307][  0]LogConfig: Setting CVar [[r.TranslucencyLightingVolumeDim:64]]
[2022.05.02-20.21.30:307][  0]LogConfig: Setting CVar [[r.RefractionQuality:2]]
[2022.05.02-20.21.30:307][  0]LogConfig: Setting CVar [[r.SSR.Quality:3]]
[2022.05.02-20.21.30:307][  0]LogConfig: Setting CVar [[r.SSR.HalfResSceneColor:0]]
[2022.05.02-20.21.30:307][  0]LogConfig: Setting CVar [[r.SceneColorFormat:4]]
[2022.05.02-20.21.30:307][  0]LogConfig: Setting CVar [[r.DetailMode:2]]
[2022.05.02-20.21.30:307][  0]LogConfig: Setting CVar [[r.TranslucencyVolumeBlur:1]]
[2022.05.02-20.21.30:307][  0]LogConfig: Setting CVar [[r.MaterialQualityLevel:1 ; High quality]]
[2022.05.02-20.21.30:307][  0]LogConfig: Setting CVar [[r.AnisotropicMaterials:1]]
[2022.05.02-20.21.30:307][  0]LogConfig: Setting CVar [[r.SSS.Scale:1]]
[2022.05.02-20.21.30:307][  0]LogConfig: Setting CVar [[r.SSS.SampleSet:2]]
[2022.05.02-20.21.30:307][  0]LogConfig: Setting CVar [[r.SSS.Quality:1]]
[2022.05.02-20.21.30:307][  0]LogConfig: Setting CVar [[r.SSS.HalfRes:0]]
[2022.05.02-20.21.30:307][  0]LogConfig: Setting CVar [[r.SSGI.Quality:3]]
[2022.05.02-20.21.30:307][  0]LogConfig: Setting CVar [[r.EmitterSpawnRateScale:1.0]]
[2022.05.02-20.21.30:307][  0]LogConfig: Setting CVar [[r.ParticleLightQuality:2]]
[2022.05.02-20.21.30:307][  0]LogConfig: Setting CVar [[r.SkyAtmosphere.AerialPerspectiveLUT.FastApplyOnOpaque:1 ; Always have FastSkyLUT 1 in this case to avoid wrong sky]]
[2022.05.02-20.21.30:307][  0]LogConfig: Setting CVar [[r.SkyAtmosphere.AerialPerspectiveLUT.SampleCountMaxPerSlice:4]]
[2022.05.02-20.21.30:307][  0]LogConfig: Setting CVar [[r.SkyAtmosphere.AerialPerspectiveLUT.DepthResolution:16.0]]
[2022.05.02-20.21.30:307][  0]LogConfig: Setting CVar [[r.SkyAtmosphere.FastSkyLUT:1]]
[2022.05.02-20.21.30:307][  0]LogConfig: Setting CVar [[r.SkyAtmosphere.FastSkyLUT.SampleCountMin:4.0]]
[2022.05.02-20.21.30:307][  0]LogConfig: Setting CVar [[r.SkyAtmosphere.FastSkyLUT.SampleCountMax:128.0]]
[2022.05.02-20.21.30:307][  0]LogConfig: Setting CVar [[r.SkyAtmosphere.SampleCountMin:4.0]]
[2022.05.02-20.21.30:307][  0]LogConfig: Setting CVar [[r.SkyAtmosphere.SampleCountMax:128.0]]
[2022.05.02-20.21.30:307][  0]LogConfig: Setting CVar [[r.SkyAtmosphere.TransmittanceLUT.UseSmallFormat:0]]
[2022.05.02-20.21.30:307][  0]LogConfig: Setting CVar [[r.SkyAtmosphere.TransmittanceLUT.SampleCount:10.0]]
[2022.05.02-20.21.30:307][  0]LogConfig: Setting CVar [[r.SkyAtmosphere.MultiScatteringLUT.SampleCount:15.0]]
[2022.05.02-20.21.30:307][  0]LogConfig: Setting CVar [[r.SkyLight.RealTimeReflectionCapture:1]]
[2022.05.02-20.21.30:307][  0]LogConfig: Applying CVar settings from Section [FoliageQuality@3] File [D:/Documents/Unreal Projects/Azumi3D/Saved/Config/Windows/Scalability.ini]
[2022.05.02-20.21.30:307][  0]LogConfig: Setting CVar [[foliage.DensityScale:1.0]]
[2022.05.02-20.21.30:307][  0]LogConfig: Setting CVar [[grass.DensityScale:1.0]]
[2022.05.02-20.21.30:307][  0]LogConfig: Applying CVar settings from Section [ShadingQuality@3] File [D:/Documents/Unreal Projects/Azumi3D/Saved/Config/Windows/Scalability.ini]
[2022.05.02-20.21.30:307][  0]LogConfig: Setting CVar [[r.HairStrands.SkyLighting.IntegrationType:2]]
[2022.05.02-20.21.30:307][  0]LogConfig: Setting CVar [[r.HairStrands.SkyAO.SampleCount:4]]
[2022.05.02-20.21.30:307][  0]LogConfig: Setting CVar [[r.HairStrands.Visibility.MSAA.SamplePerPixel:4]]
[2022.05.02-20.21.30:307][  0]LogInit: Selected Device Profile: [Windows]
[2022.05.02-20.21.30:307][  0]LogInit: Applying CVar settings loaded from the selected device profile: [Windows]
[2022.05.02-20.21.30:307][  0]LogHAL: Display: Platform has ~ 8 GB [8538525696 / 8589934592 / 8], which maps to Default [LargestMinGB=32, LargerMinGB=12, DefaultMinGB=8, SmallerMinGB=6, SmallestMinGB=0)
[2022.05.02-20.21.30:307][  0]LogInit: Going up to parent DeviceProfile []
[2022.05.02-20.21.30:307][  0]LogConfig: Applying CVar settings from Section [ViewDistanceQuality@3] File [D:/Documents/Unreal Projects/Azumi3D/Saved/Config/Windows/Scalability.ini]
[2022.05.02-20.21.30:307][  0]LogConfig: Setting CVar [[r.SkeletalMeshLODBias:0]]
[2022.05.02-20.21.30:307][  0]LogConfig: Setting CVar [[r.ViewDistanceScale:1.0]]
[2022.05.02-20.21.30:307][  0]LogConfig: Applying CVar settings from Section [AntiAliasingQuality@3] File [D:/Documents/Unreal Projects/Azumi3D/Saved/Config/Windows/Scalability.ini]
[2022.05.02-20.21.30:307][  0]LogConfig: Setting CVar [[r.PostProcessAAQuality:4]]
[2022.05.02-20.21.30:307][  0]LogConfig: Applying CVar settings from Section [ShadowQuality@3] File [D:/Documents/Unreal Projects/Azumi3D/Saved/Config/Windows/Scalability.ini]
[2022.05.02-20.21.30:307][  0]LogConfig: Setting CVar [[r.LightFunctionQuality:1]]
[2022.05.02-20.21.30:307][  0]LogConfig: Setting CVar [[r.ShadowQuality:5]]
[2022.05.02-20.21.30:307][  0]LogConfig: Setting CVar [[r.Shadow.CSM.MaxCascades:10]]
[2022.05.02-20.21.30:307][  0]LogConfig: Setting CVar [[r.Shadow.MaxResolution:2048]]
[2022.05.02-20.21.30:307][  0]LogConfig: Setting CVar [[r.Shadow.MaxCSMResolution:2048]]
[2022.05.02-20.21.30:307][  0]LogConfig: Setting CVar [[r.Shadow.RadiusThreshold:0.01]]
[2022.05.02-20.21.30:307][  0]LogConfig: Setting CVar [[r.Shadow.DistanceScale:1.0]]
[2022.05.02-20.21.30:307][  0]LogConfig: Setting CVar [[r.Shadow.CSM.TransitionScale:1.0]]
[2022.05.02-20.21.30:307][  0]LogConfig: Setting CVar [[r.Shadow.PreShadowResolutionFactor:1.0]]
[2022.05.02-20.21.30:308][  0]LogConfig: Setting CVar [[r.DistanceFieldShadowing:1]]
[2022.05.02-20.21.30:308][  0]LogConfig: Setting CVar [[r.DistanceFieldAO:1]]
[2022.05.02-20.21.30:308][  0]LogConfig: Setting CVar [[r.AOQuality:2]]
[2022.05.02-20.21.30:308][  0]LogConfig: Setting CVar [[r.VolumetricFog:1]]
[2022.05.02-20.21.30:308][  0]LogConfig: Setting CVar [[r.VolumetricFog.GridPixelSize:8]]
[2022.05.02-20.21.30:308][  0]LogConfig: Setting CVar [[r.VolumetricFog.GridSizeZ:128]]
[2022.05.02-20.21.30:308][  0]LogConfig: Setting CVar [[r.VolumetricFog.HistoryMissSupersampleCount:4]]
[2022.05.02-20.21.30:308][  0]LogConfig: Setting CVar [[r.LightMaxDrawDistanceScale:1]]
[2022.05.02-20.21.30:308][  0]LogConfig: Setting CVar [[r.CapsuleShadows:1]]
[2022.05.02-20.21.30:308][  0]LogConfig: Applying CVar settings from Section [PostProcessQuality@3] File [D:/Documents/Unreal Projects/Azumi3D/Saved/Config/Windows/Scalability.ini]
[2022.05.02-20.21.30:308][  0]LogConfig: Setting CVar [[r.MotionBlurQuality:4]]
[2022.05.02-20.21.30:308][  0]LogConfig: Setting CVar [[r.AmbientOcclusionMipLevelFactor:0.4]]
[2022.05.02-20.21.30:308][  0]LogConfig: Setting CVar [[r.AmbientOcclusionMaxQuality:100]]
[2022.05.02-20.21.30:308][  0]LogConfig: Setting CVar [[r.AmbientOcclusionLevels:-1]]
[2022.05.02-20.21.30:308][  0]LogConfig: Setting CVar [[r.AmbientOcclusionRadiusScale:1.0]]
[2022.05.02-20.21.30:308][  0]LogConfig: Setting CVar [[r.DepthOfFieldQuality:2]]
[2022.05.02-20.21.30:308][  0]LogConfig: Setting CVar [[r.RenderTargetPoolMin:400]]
[2022.05.02-20.21.30:308][  0]LogConfig: Setting CVar [[r.LensFlareQuality:2]]
[2022.05.02-20.21.30:308][  0]LogConfig: Setting CVar [[r.SceneColorFringeQuality:1]]
[2022.05.02-20.21.30:308][  0]LogConfig: Setting CVar [[r.EyeAdaptationQuality:2]]
[2022.05.02-20.21.30:308][  0]LogConfig: Setting CVar [[r.BloomQuality:5]]
[2022.05.02-20.21.30:308][  0]LogConfig: Setting CVar [[r.FastBlurThreshold:100]]
[2022.05.02-20.21.30:308][  0]LogConfig: Setting CVar [[r.Upscale.Quality:3]]
[2022.05.02-20.21.30:308][  0]LogConfig: Setting CVar [[r.Tonemapper.GrainQuantization:1]]
[2022.05.02-20.21.30:308][  0]LogConfig: Setting CVar [[r.LightShaftQuality:1]]
[2022.05.02-20.21.30:308][  0]LogConfig: Setting CVar [[r.Filter.SizeScale:1]]
[2022.05.02-20.21.30:308][  0]LogConfig: Setting CVar [[r.Tonemapper.Quality:5]]
[2022.05.02-20.21.30:308][  0]LogConfig: Setting CVar [[r.DOF.Gather.AccumulatorQuality:1        ; higher gathering accumulator quality]]
[2022.05.02-20.21.30:308][  0]LogConfig: Setting CVar [[r.DOF.Gather.PostfilterMethod:1          ; Median3x3 postfilering method]]
[2022.05.02-20.21.30:308][  0]LogConfig: Setting CVar [[r.DOF.Gather.EnableBokehSettings:0       ; no bokeh simulation when gathering]]
[2022.05.02-20.21.30:308][  0]LogConfig: Setting CVar [[r.DOF.Gather.RingCount:4                 ; medium number of samples when gathering]]
[2022.05.02-20.21.30:308][  0]LogConfig: Setting CVar [[r.DOF.Scatter.ForegroundCompositing:1    ; additive foreground scattering]]
[2022.05.02-20.21.30:308][  0]LogConfig: Setting CVar [[r.DOF.Scatter.BackgroundCompositing:2    ; additive background scattering]]
[2022.05.02-20.21.30:308][  0]LogConfig: Setting CVar [[r.DOF.Scatter.EnableBokehSettings:1      ; bokeh simulation when scattering]]
[2022.05.02-20.21.30:308][  0]LogConfig: Setting CVar [[r.DOF.Scatter.MaxSpriteRatio:0.1         ; only a maximum of 10% of scattered bokeh]]
[2022.05.02-20.21.30:308][  0]LogConfig: Setting CVar [[r.DOF.Recombine.Quality:1                ; cheap slight out of focus]]
[2022.05.02-20.21.30:308][  0]LogConfig: Setting CVar [[r.DOF.Recombine.EnableBokehSettings:0    ; no bokeh simulation on slight out of focus]]
[2022.05.02-20.21.30:308][  0]LogConfig: Setting CVar [[r.DOF.TemporalAAQuality:1                ; more stable temporal accumulation]]
[2022.05.02-20.21.30:308][  0]LogConfig: Setting CVar [[r.DOF.Kernel.MaxForegroundRadius:0.025]]
[2022.05.02-20.21.30:308][  0]LogConfig: Setting CVar [[r.DOF.Kernel.MaxBackgroundRadius:0.025]]
[2022.05.02-20.21.30:308][  0]LogConfig: Applying CVar settings from Section [TextureQuality@3] File [D:/Documents/Unreal Projects/Azumi3D/Saved/Config/Windows/Scalability.ini]
[2022.05.02-20.21.30:308][  0]LogConfig: Setting CVar [[r.Streaming.MipBias:0]]
[2022.05.02-20.21.30:308][  0]LogConfig: Setting CVar [[r.Streaming.AmortizeCPUToGPUCopy:0]]
[2022.05.02-20.21.30:308][  0]LogConfig: Setting CVar [[r.Streaming.MaxNumTexturesToStreamPerFrame:0]]
[2022.05.02-20.21.30:308][  0]LogConfig: Setting CVar [[r.Streaming.Boost:1]]
[2022.05.02-20.21.30:308][  0]LogConfig: Setting CVar [[r.MaxAnisotropy:8]]
[2022.05.02-20.21.30:308][  0]LogConfig: Setting CVar [[r.VT.MaxAnisotropy:8]]
[2022.05.02-20.21.30:308][  0]LogConfig: Setting CVar [[r.Streaming.LimitPoolSizeToVRAM:0]]
[2022.05.02-20.21.30:308][  0]LogConfig: Setting CVar [[r.Streaming.PoolSize:1000]]
[2022.05.02-20.21.30:308][  0]LogConfig: Setting CVar [[r.Streaming.MaxEffectiveScreenSize:0]]
[2022.05.02-20.21.30:308][  0]LogConfig: Applying CVar settings from Section [EffectsQuality@3] File [D:/Documents/Unreal Projects/Azumi3D/Saved/Config/Windows/Scalability.ini]
[2022.05.02-20.21.30:308][  0]LogConfig: Setting CVar [[r.TranslucencyLightingVolumeDim:64]]
[2022.05.02-20.21.30:308][  0]LogConfig: Setting CVar [[r.RefractionQuality:2]]
[2022.05.02-20.21.30:308][  0]LogConfig: Setting CVar [[r.SSR.Quality:3]]
[2022.05.02-20.21.30:308][  0]LogConfig: Setting CVar [[r.SSR.HalfResSceneColor:0]]
[2022.05.02-20.21.30:308][  0]LogConfig: Setting CVar [[r.SceneColorFormat:4]]
[2022.05.02-20.21.30:308][  0]LogConfig: Setting CVar [[r.DetailMode:2]]
[2022.05.02-20.21.30:308][  0]LogConfig: Setting CVar [[r.TranslucencyVolumeBlur:1]]
[2022.05.02-20.21.30:308][  0]LogConfig: Setting CVar [[r.MaterialQualityLevel:1 ; High quality]]
[2022.05.02-20.21.30:308][  0]LogConfig: Setting CVar [[r.AnisotropicMaterials:1]]
[2022.05.02-20.21.30:308][  0]LogConfig: Setting CVar [[r.SSS.Scale:1]]
[2022.05.02-20.21.30:308][  0]LogConfig: Setting CVar [[r.SSS.SampleSet:2]]
[2022.05.02-20.21.30:308][  0]LogConfig: Setting CVar [[r.SSS.Quality:1]]
[2022.05.02-20.21.30:308][  0]LogConfig: Setting CVar [[r.SSS.HalfRes:0]]
[2022.05.02-20.21.30:308][  0]LogConfig: Setting CVar [[r.SSGI.Quality:3]]
[2022.05.02-20.21.30:308][  0]LogConfig: Setting CVar [[r.EmitterSpawnRateScale:1.0]]
[2022.05.02-20.21.30:308][  0]LogConfig: Setting CVar [[r.ParticleLightQuality:2]]
[2022.05.02-20.21.30:309][  0]LogConfig: Setting CVar [[r.SkyAtmosphere.AerialPerspectiveLUT.FastApplyOnOpaque:1 ; Always have FastSkyLUT 1 in this case to avoid wrong sky]]
[2022.05.02-20.21.30:309][  0]LogConfig: Setting CVar [[r.SkyAtmosphere.AerialPerspectiveLUT.SampleCountMaxPerSlice:4]]
[2022.05.02-20.21.30:309][  0]LogConfig: Setting CVar [[r.SkyAtmosphere.AerialPerspectiveLUT.DepthResolution:16.0]]
[2022.05.02-20.21.30:309][  0]LogConfig: Setting CVar [[r.SkyAtmosphere.FastSkyLUT:1]]
[2022.05.02-20.21.30:309][  0]LogConfig: Setting CVar [[r.SkyAtmosphere.FastSkyLUT.SampleCountMin:4.0]]
[2022.05.02-20.21.30:309][  0]LogConfig: Setting CVar [[r.SkyAtmosphere.FastSkyLUT.SampleCountMax:128.0]]
[2022.05.02-20.21.30:309][  0]LogConfig: Setting CVar [[r.SkyAtmosphere.SampleCountMin:4.0]]
[2022.05.02-20.21.30:309][  0]LogConfig: Setting CVar [[r.SkyAtmosphere.SampleCountMax:128.0]]
[2022.05.02-20.21.30:309][  0]LogConfig: Setting CVar [[r.SkyAtmosphere.TransmittanceLUT.UseSmallFormat:0]]
[2022.05.02-20.21.30:309][  0]LogConfig: Setting CVar [[r.SkyAtmosphere.TransmittanceLUT.SampleCount:10.0]]
[2022.05.02-20.21.30:309][  0]LogConfig: Setting CVar [[r.SkyAtmosphere.MultiScatteringLUT.SampleCount:15.0]]
[2022.05.02-20.21.30:309][  0]LogConfig: Setting CVar [[r.SkyLight.RealTimeReflectionCapture:1]]
[2022.05.02-20.21.30:309][  0]LogConfig: Applying CVar settings from Section [FoliageQuality@3] File [D:/Documents/Unreal Projects/Azumi3D/Saved/Config/Windows/Scalability.ini]
[2022.05.02-20.21.30:309][  0]LogConfig: Setting CVar [[foliage.DensityScale:1.0]]
[2022.05.02-20.21.30:309][  0]LogConfig: Setting CVar [[grass.DensityScale:1.0]]
[2022.05.02-20.21.30:309][  0]LogConfig: Applying CVar settings from Section [ShadingQuality@3] File [D:/Documents/Unreal Projects/Azumi3D/Saved/Config/Windows/Scalability.ini]
[2022.05.02-20.21.30:309][  0]LogConfig: Setting CVar [[r.HairStrands.SkyLighting.IntegrationType:2]]
[2022.05.02-20.21.30:309][  0]LogConfig: Setting CVar [[r.HairStrands.SkyAO.SampleCount:4]]
[2022.05.02-20.21.30:309][  0]LogConfig: Setting CVar [[r.HairStrands.Visibility.MSAA.SamplePerPixel:4]]
[2022.05.02-20.21.30:309][  0]LogConfig: Applying CVar settings from Section [Startup] File [../../../Engine/Config/ConsoleVariables.ini]
[2022.05.02-20.21.30:309][  0]LogConfig: Setting CVar [[net.UseAdaptiveNetUpdateFrequency:0]]
[2022.05.02-20.21.30:309][  0]LogConfig: Setting CVar [[p.chaos.AllowCreatePhysxBodies:1]]
[2022.05.02-20.21.30:309][  0]LogConfig: Setting CVar [[fx.SkipVectorVMBackendOptimizations:1]]
[2022.05.02-20.21.30:309][  0]LogConfig: Applying CVar settings from Section [ConsoleVariables] File [D:/Documents/Unreal Projects/Azumi3D/Saved/Config/Windows/Engine.ini]
[2022.05.02-20.21.30:309][  0]LogConfig: Applying CVar settings from Section [ConsoleVariables] File [D:/Documents/Unreal Projects/Azumi3D/Saved/Config/Windows/Editor.ini]
[2022.05.02-20.21.30:309][  0]LogInit: Computer: DESKTOP-N711C4D
[2022.05.02-20.21.30:309][  0]LogInit: User: Sixten
[2022.05.02-20.21.30:309][  0]LogInit: CPU Page size=4096, Cores=4
[2022.05.02-20.21.30:309][  0]LogInit: High frequency timer resolution =10.000000 MHz
[2022.05.02-20.21.30:309][  0]LogMemory: Memory total: Physical=8.0GB (8GB approx)
[2022.05.02-20.21.30:309][  0]LogMemory: Platform Memory Stats for Windows
[2022.05.02-20.21.30:309][  0]LogMemory: Process Physical Memory: 143.15 MB used, 143.15 MB peak
[2022.05.02-20.21.30:309][  0]LogMemory: Process Virtual Memory: 128.26 MB used, 128.26 MB peak
[2022.05.02-20.21.30:309][  0]LogMemory: Physical Memory: 5295.46 MB used,  2847.51 MB free, 8142.97 MB total
[2022.05.02-20.21.30:309][  0]LogMemory: Virtual Memory: 134215176.00 MB used,  2552.52 MB free, 134217728.00 MB total
[2022.05.02-20.21.30:315][  0]LogWindows: WindowsPlatformFeatures enabled
[2022.05.02-20.21.30:355][  0]LogInit: Physics initialised using underlying interface: PhysX
[2022.05.02-20.21.30:355][  0]LogInit: Using OS detected language (en-GB).
[2022.05.02-20.21.30:355][  0]LogInit: Using OS detected locale (en-SE).
[2022.05.02-20.21.30:358][  0]LogTextLocalizationManager: No specific localization for 'en-GB' exists, so the 'en' localization will be used.
[2022.05.02-20.21.30:574][  0]LogInit: Setting process to per monitor DPI aware
[2022.05.02-20.21.30:588][  0]LogWindowsTextInputMethodSystem: Display: IME system deactivated.
[2022.05.02-20.21.30:599][  0]LogSlate: New Slate User Created.  User Index 0, Is Virtual User: 0
[2022.05.02-20.21.30:599][  0]LogSlate: Slate User Registered.  User Index 0, Is Virtual User: 0
[2022.05.02-20.21.30:753][  0]LogD3D11RHI: Loaded GFSDK_Aftermath_Lib.x64.dll
[2022.05.02-20.21.30:756][  0]LogHMD: Failed to initialize OpenVR with code 110
[2022.05.02-20.21.30:756][  0]LogD3D11RHI: D3D11 min allowed feature level: 11_0
[2022.05.02-20.21.30:756][  0]LogD3D11RHI: D3D11 max allowed feature level: 11_0
[2022.05.02-20.21.30:756][  0]LogD3D11RHI: D3D11 adapters:
[2022.05.02-20.21.30:879][  0]LogD3D11RHI:    0. 'NVIDIA GeForce GTX 970' (Feature Level 11_0)
[2022.05.02-20.21.30:879][  0]LogD3D11RHI:       4043/0/4071 MB DedicatedVideo/DedicatedSystem/SharedSystem, Outputs:1, VendorId:0x10de
[2022.05.02-20.21.30:881][  0]LogD3D11RHI:    1. 'Microsoft Basic Render Driver' (Feature Level 11_0)
[2022.05.02-20.21.30:881][  0]LogD3D11RHI:       0/0/4071 MB DedicatedVideo/DedicatedSystem/SharedSystem, Outputs:0, VendorId:0x1414
[2022.05.02-20.21.30:881][  0]LogD3D11RHI: Chosen D3D11 Adapter:
[2022.05.02-20.21.30:881][  0]LogD3D11RHI:     Description : NVIDIA GeForce GTX 970
[2022.05.02-20.21.30:881][  0]LogD3D11RHI:     VendorId    : 10de
[2022.05.02-20.21.30:881][  0]LogD3D11RHI:     DeviceId    : 13c2
[2022.05.02-20.21.30:881][  0]LogD3D11RHI:     SubSysId    : 29743842
[2022.05.02-20.21.30:881][  0]LogD3D11RHI:     Revision    : 00a1
[2022.05.02-20.21.30:881][  0]LogD3D11RHI:     DedicatedVideoMemory : 4239654912 bytes
[2022.05.02-20.21.30:881][  0]LogD3D11RHI:     DedicatedSystemMemory : 0 bytes
[2022.05.02-20.21.30:881][  0]LogD3D11RHI:     SharedSystemMemory : 4269262848 bytes
[2022.05.02-20.21.30:881][  0]LogD3D11RHI:     AdapterLuid : 0 35736
[2022.05.02-20.21.30:886][  0]LogD3D11RHI: Creating new Direct3DDevice
[2022.05.02-20.21.30:886][  0]LogD3D11RHI:     GPU DeviceId: 0x13c2 (for the marketing name, search the web for "GPU Device Id")
[2022.05.02-20.21.30:886][  0]LogWindows: EnumDisplayDevices:
[2022.05.02-20.21.30:886][  0]LogWindows:    0. 'NVIDIA GeForce GTX 970' (P:1 D:1)
[2022.05.02-20.21.30:886][  0]LogWindows:    1. 'NVIDIA GeForce GTX 970' (P:0 D:0)
[2022.05.02-20.21.30:886][  0]LogWindows:    2. 'NVIDIA GeForce GTX 970' (P:0 D:0)
[2022.05.02-20.21.30:886][  0]LogWindows:    3. 'NVIDIA GeForce GTX 970' (P:0 D:0)
[2022.05.02-20.21.30:887][  0]LogWindows: DebugString: FoundDriverCount:4 
[2022.05.02-20.21.30:887][  0]LogD3D11RHI:     Adapter Name: NVIDIA GeForce GTX 970
[2022.05.02-20.21.30:887][  0]LogD3D11RHI:   Driver Version: 512.59 (internal:30.0.15.1259, unified:512.59)
[2022.05.02-20.21.30:887][  0]LogD3D11RHI:      Driver Date: 4-20-2022
[2022.05.02-20.21.30:887][  0]LogRHI: Texture pool is 2830 MB (70% of 4043 MB)
[2022.05.02-20.21.30:887][  0]LogD3D11RHI: Creating D3DDevice using adapter:
[2022.05.02-20.21.30:887][  0]LogD3D11RHI:     Description : NVIDIA GeForce GTX 970
[2022.05.02-20.21.30:887][  0]LogD3D11RHI:     VendorId    : 10de
[2022.05.02-20.21.30:887][  0]LogD3D11RHI:     DeviceId    : 13c2
[2022.05.02-20.21.30:887][  0]LogD3D11RHI:     SubSysId    : 29743842
[2022.05.02-20.21.30:887][  0]LogD3D11RHI:     Revision    : 00a1
[2022.05.02-20.21.30:887][  0]LogD3D11RHI:     DedicatedVideoMemory : 4239654912 bytes
[2022.05.02-20.21.30:887][  0]LogD3D11RHI:     DedicatedSystemMemory : 0 bytes
[2022.05.02-20.21.30:887][  0]LogD3D11RHI:     SharedSystemMemory : 4269262848 bytes
[2022.05.02-20.21.30:887][  0]LogD3D11RHI:     AdapterLuid : 0 35736
[2022.05.02-20.21.30:951][  0]LogD3D11RHI: RHI has support for 64 bit atomics
[2022.05.02-20.21.30:951][  0]LogD3D11RHI: Async texture creation enabled
[2022.05.02-20.21.30:951][  0]LogD3D11RHI: Array index from any shader is supported
[2022.05.02-20.21.30:971][  0]LogD3D11RHI: GPU Timing Frequency: 1000.000000 (Debug: 2 1)
[2022.05.02-20.21.31:012][  0]LogRHI: GeForceNow SDK initialized: 1
[2022.05.02-20.21.31:429][  0]LogTargetPlatformManager: Display: Loaded TargetPlatform 'AllDesktop'
[2022.05.02-20.21.31:453][  0]LogTargetPlatformManager: Display: Loaded TargetPlatform 'Android'
[2022.05.02-20.21.31:453][  0]LogTargetPlatformManager: Display: Loaded TargetPlatform 'Android_ASTC'
[2022.05.02-20.21.31:453][  0]LogTargetPlatformManager: Display: Loaded TargetPlatform 'Android_DXT'
[2022.05.02-20.21.31:453][  0]LogTargetPlatformManager: Display: Loaded TargetPlatform 'Android_ETC2'
[2022.05.02-20.21.31:453][  0]LogTargetPlatformManager: Display: Loaded TargetPlatform 'AndroidClient'
[2022.05.02-20.21.31:453][  0]LogTargetPlatformManager: Display: Loaded TargetPlatform 'Android_ASTCClient'
[2022.05.02-20.21.31:453][  0]LogTargetPlatformManager: Display: Loaded TargetPlatform 'Android_DXTClient'
[2022.05.02-20.21.31:453][  0]LogTargetPlatformManager: Display: Loaded TargetPlatform 'Android_ETC2Client'
[2022.05.02-20.21.31:453][  0]LogTargetPlatformManager: Display: Loaded TargetPlatform 'Android_Multi'
[2022.05.02-20.21.31:453][  0]LogTargetPlatformManager: Display: Loaded TargetPlatform 'Android_MultiClient'
[2022.05.02-20.21.31:472][  0]LogTargetPlatformManager: Display: Loaded TargetPlatform 'IOSClient'
[2022.05.02-20.21.31:472][  0]LogTargetPlatformManager: Display: Loaded TargetPlatform 'IOS'
[2022.05.02-20.21.31:482][  0]LogTargetPlatformManager: Display: Loaded TargetPlatform 'Linux'
[2022.05.02-20.21.31:487][  0]LogTargetPlatformManager: Display: Loaded TargetPlatform 'LinuxNoEditor'
[2022.05.02-20.21.31:492][  0]LogTargetPlatformManager: Display: Loaded TargetPlatform 'LinuxClient'
[2022.05.02-20.21.31:496][  0]LogTargetPlatformManager: Display: Loaded TargetPlatform 'LinuxServer'
[2022.05.02-20.21.31:506][  0]LogTargetPlatformManager: Display: Loaded TargetPlatform 'LinuxAArch64NoEditor'
[2022.05.02-20.21.31:511][  0]LogTargetPlatformManager: Display: Loaded TargetPlatform 'LinuxAArch64Client'
[2022.05.02-20.21.31:515][  0]LogTargetPlatformManager: Display: Loaded TargetPlatform 'LinuxAArch64Server'
[2022.05.02-20.21.31:540][  0]LogTargetPlatformManager: Display: Loaded TargetPlatform 'Lumin'
[2022.05.02-20.21.31:540][  0]LogTargetPlatformManager: Display: Loaded TargetPlatform 'LuminClient'
[2022.05.02-20.21.31:549][  0]LogTargetPlatformManager: Display: Loaded TargetPlatform 'MacNoEditor'
[2022.05.02-20.21.31:554][  0]LogTargetPlatformManager: Display: Loaded TargetPlatform 'Mac'
[2022.05.02-20.21.31:558][  0]LogTargetPlatformManager: Display: Loaded TargetPlatform 'MacClient'
[2022.05.02-20.21.31:562][  0]LogTargetPlatformManager: Display: Loaded TargetPlatform 'MacServer'
[2022.05.02-20.21.31:573][  0]LogTargetPlatformManager: Display: Loaded TargetPlatform 'TVOSClient'
[2022.05.02-20.21.31:573][  0]LogTargetPlatformManager: Display: Loaded TargetPlatform 'TVOS'
[2022.05.02-20.21.31:589][  0]LogTargetPlatformManager: Display: Loaded TargetPlatform 'WindowsNoEditor'
[2022.05.02-20.21.31:593][  0]LogTargetPlatformManager: Display: Loaded TargetPlatform 'Windows'
[2022.05.02-20.21.31:598][  0]LogTargetPlatformManager: Display: Loaded TargetPlatform 'WindowsClient'
[2022.05.02-20.21.31:603][  0]LogTargetPlatformManager: Display: Loaded TargetPlatform 'WindowsServer'
[2022.05.02-20.21.31:603][  0]LogTargetPlatformManager: Display: Building Assets For Windows
[2022.05.02-20.21.31:609][  0]LogAudioDebug: Display: Lib vorbis DLL was dynamically loaded.
[2022.05.02-20.21.31:637][  0]LogTextureFormatOodle: Display: Oodle Texture 2.9.0 init RDO Off
[2022.05.02-20.21.31:666][  0]LogRendererCore: Ray tracing is disabled. Reason: r.RayTracing=0.
[2022.05.02-20.21.31:666][  0]LogShaderCompilers: Guid format shader working directory is -1 characters bigger than the processId version (../../../../../Documents/Unreal Projects/Azumi3D/Intermediate/Shaders/WorkingDirectory/8776/).
[2022.05.02-20.21.31:667][  0]LogShaderCompilers: Cleaned the shader compiler working directory 'C:/Users/Sixten/AppData/Local/Temp/UnrealShaderWorkingDir/28FAFC2447C861D28B446C89573F0085/'.
[2022.05.02-20.21.31:667][  0]LogXGEController: Cannot use XGE Controller as Incredibuild is not installed on this machine.
[2022.05.02-20.21.31:667][  0]LogShaderCompilers: Cannot use XGE Shader Compiler as Incredibuild is not installed on this machine.
[2022.05.02-20.21.31:667][  0]LogShaderCompilers: Display: Using Local Shader Compiler.
[2022.05.02-20.21.32:536][  0]LogDerivedDataCache: Display: Max Cache Size: 512 MB
[2022.05.02-20.21.32:612][  0]LogDerivedDataCache: Loaded boot cache 0.07s 94MB C:/Users/Sixten/AppData/Local/UnrealEngine/4.27/DerivedDataCache/Boot.ddc.
[2022.05.02-20.21.32:612][  0]LogDerivedDataCache: Display: Loaded Boot cache: C:/Users/Sixten/AppData/Local/UnrealEngine/4.27/DerivedDataCache/Boot.ddc
[2022.05.02-20.21.32:612][  0]LogDerivedDataCache: FDerivedDataBackendGraph:  Pak pak cache file ../../../../../Documents/Unreal Projects/Azumi3D/DerivedDataCache/DDC.ddp not found, will not use a pak cache.
[2022.05.02-20.21.32:612][  0]LogDerivedDataCache: Unable to find inner node Pak for hierarchical cache Hierarchy.
[2022.05.02-20.21.32:612][  0]LogDerivedDataCache: FDerivedDataBackendGraph:  CompressedPak pak cache file ../../../../../Documents/Unreal Projects/Azumi3D/DerivedDataCache/Compressed.ddp not found, will not use a pak cache.
[2022.05.02-20.21.32:612][  0]LogDerivedDataCache: Unable to find inner node CompressedPak for hierarchical cache Hierarchy.
[2022.05.02-20.21.32:630][  0]LogDerivedDataCache: Display: Pak cache opened for reading ../../../Engine/DerivedDataCache/Compressed.ddp.
[2022.05.02-20.21.32:630][  0]LogDerivedDataCache: FDerivedDataBackendGraph:  EnterprisePak pak cache file ../../../Enterprise/DerivedDataCache/Compressed.ddp not found, will not use a pak cache.
[2022.05.02-20.21.32:630][  0]LogDerivedDataCache: Unable to find inner node EnterprisePak for hierarchical cache Hierarchy.
[2022.05.02-20.21.32:637][  0]LogDerivedDataCache: Speed tests for C:/Users/Sixten/AppData/Local/UnrealEngine/Common/DerivedDataCache took 0.01 seconds
[2022.05.02-20.21.32:637][  0]LogDerivedDataCache: Display: Performance to C:/Users/Sixten/AppData/Local/UnrealEngine/Common/DerivedDataCache: Latency=0.03ms. RandomReadSpeed=1028.30MBs, RandomWriteSpeed=161.00MBs. Assigned SpeedClass 'Local'
[2022.05.02-20.21.32:644][  0]LogDerivedDataCache: Using Local data cache path C:/Users/Sixten/AppData/Local/UnrealEngine/Common/DerivedDataCache: Writable
[2022.05.02-20.21.32:644][  0]LogDerivedDataCache: Shared data cache path not found in *engine.ini, will not use an Shared cache.
[2022.05.02-20.21.32:644][  0]LogDerivedDataCache: Unable to find inner node Shared for hierarchical cache Hierarchy.
[2022.05.02-20.21.32:719][  0]LogSlate: Using FreeType 2.10.0
[2022.05.02-20.21.32:719][  0]LogSlate: SlateFontServices - WITH_FREETYPE: 1, WITH_HARFBUZZ: 1
[2022.05.02-20.21.32:756][  0]LogAssetRegistry: FAssetRegistry took 0.0050 seconds to start up
[2022.05.02-20.21.33:055][  0]LogInit: Selected Device Profile: [Windows]
[2022.05.02-20.21.33:055][  0]LogInit: Active device profile: [0000022526D9CD00][000002252257C700 49] Windows
[2022.05.02-20.21.33:055][  0]LogInit: Profiles: [0000022526D9CD00][000002252257C700 49] Windows, [0000022526D56300][0000022522580840 49] WindowsNoEditor, [0000022526D9DC00][0000022522584980 49] WindowsServer, [0000022526D57100][0000022522588AC0 49] WindowsClient, [0000022526D9E900][0000022522590C40 49] IOS, [0000022526D55A00][0000022522594DC0 49] iPadAir, [0000022526D9FE00][0000022522598F40 49] iPadAir2, [0000022526D11100][00000225225A1200 49] IPadPro, [0000022526D11200][000002252259D240 49] iPadAir3, [0000022526D54C00][00000225225A53C0 49] iPadAir4, [0000022526D11E00][00000225225A9540 49] iPadMini2, [0000022526D57300][00000225225AD6C0 49] iPadMini3, [0000022526D13900][00000225225B1840 49] iPadMini4, [0000022526D55000][00000225225B59C0 49] iPadMini5, [0000022526D18900][00000225225BC100 49] iPhone6, [0000022526D18A00][00000225225B8140 49] iPodTouch6, [0000022526D9EE00][00000225225C4400 49] iPhone7, [0000022526D9EF00][00000225225C0440 49] iPodTouch7, [0000022526D13E00][00000225225C85C0 49] iPhone5S, [0000022526D9CF00][00000225225CC740 49] iPhone6Plus, [0000022526D18100][00000225225D08C0 49] iPhone6S, [0000022526D10300][000002252258CA00 49] iPhone6SPlus, [0000022526D1A800][00000225225D4B40 49] iPhone7Plus, [0000022526D12400][00000225225D8C80 49] iPhoneSE, [0000022526D1A600][00000225225DCDC0 49] iPhone8, [0000022526D10400][00000225225E4F40 49] iPhone8Plus, [0000022526D1B100][00000225225E90C0 49] iPhoneX, [0000022526D9D400][00000225225ED240 49] iPhoneXS, [0000022526D1AB00][00000225225F13C0 49] iPhoneXSMax, [0000022526D9C700][00000225225F5540 49] iPhoneXR, [0000022526D18800][000002252799D6C0 49] iPhone11, [0000022526D9D100][00000225279A1840 49] iPhone11Pro, [0000022526D19A00][00000225279A59C0 49] iPhone11ProMax, [0000022526D9F700][00000225279A9B40 49] iPhoneSE2, [0000022526D1B800][00000225279AC140 49] iPhone12Mini, [0000022526D9E300][00000225279B02C0 49] iPhone12, [0000022526D1B200][00000225279B4440 49] iPhone12Pro, [0000022526D9D300][00000225279B85C0 49] iPhone12ProMax, [0000022526D19500][00000225279BC740 49] iPadPro105, [0000022526D9CA00][00000225279C08C0 49] iPadPro129, [0000022526D1BD00][00000225279C4A40 49] iPadPro97, [0000022526D9EA00][00000225225E0B80 49] iPadPro2_129, [0000022526D1A900][00000225279C8CC0 49] iPad5, [0000022526D9DE00][00000225279CCE00 49] iPad6, [0000022526D19300][00000225279D0F40 49] iPad7, [0000022526D9C200][00000225279D90C0 49] iPad8, [0000022526D18400][00000225279DD240 49] iPadPro11, [0000022526D9DA00][00000225279E13C0 49] iPadPro2_11, [0000022526D19600][00000225279E5540 49] iPadPro3_129, [0000022526D9E700][00000225279E96C0 49] iPadPro4_129, [0000022526D18200][00000225279ED840 49] AppleTV, [0000022526D9C900][00000225279F19C0 49] AppleTV4K, [0000022526D19D00][00000225279F5B40 49] TVOS, [0000022526D9ED00][00000225279F8140 49] Mac, [0000022526D1B600][00000225279FC2C0 49] MacClient, [0000022526D9F900][0000022527A00440 49] MacNoEditor, [0000022526D1B500][0000022527A045C0 49] MacServer, [0000022526D9D200][0000022527A08740 49] Linux, [0000022526D19C00][0000022527A0C8C0 49] LinuxAArch64, [0000022526D9FC00][0000022527A10A40 49] LinuxNoEditor, [0000022526D1A300][0000022527A14BC0 49] LinuxAArch64NoEditor, [0000022526D9DB00][0000022527A18D40 49] LinuxClient, [0000022526D1A500][00000225279D4E80 49] LinuxAArch64Client, [0000022526D9CE00][0000022527A1CFC0 49] LinuxServer, [0000022526D1B900][0000022527A21100 49] LinuxAArch64Server, [0000022526D9F500][0000022527A29280 49] Android, [0000022526D19E00][0000022527A2D400 49] Android_Low, [0000022526D9DF00][0000022521325580 49] Android_Mid, [0000022526D1A200][0000022521329700 49] Android_High, [0000022526D9FF00][000002252132D880 49] Android_Default, [0000022526D1A000][0000022521331A00 49] Android_Adreno4xx, [0000022526D9FD00][0000022521335B80 49] Android_Adreno5xx_Low, [0000022526D1AA00][0000022521338180 49] Android_Adreno5xx, [0000022526D9F800][000002252133C300 49] Android_Adreno6xx, [0000022526D54500][0000022521340480 49] Android_Adreno6xx_Vulkan, [0000022526D11400][0000022521344600 49] Android_Mali_T6xx, [0000022526D55100][0000022521348780 49] Android_Mali_T7xx, [0000022526D12D00][000002252134C900 49] Android_Mali_T8xx, [0000022526D56F00][0000022521350A80 49] Android_Mali_G71, [0000022526D13400][0000022521354C00 49] Android_Mali_G72, [0000022526D55700][0000022521358D80 49] Android_Mali_G72_Vulkan, [0000022526D11300][000002252135CF00 49] Android_Mali_G76, [0000022526D57D00][0000022527A25040 49] Android_Mali_G76_Vulkan, [0000022526D12C00][0000022521361180 49] Android_Mali_G77, [0000022526D55500][00000225213652C0 49] Android_Mali_G77_Vulkan, [0000022526D11800][000002252136D440 49] Android_Mali_G78, [0000022526D56200][00000225213715C0 49] Android_Mali_G78_Vulkan, [0000022526D13D00][0000022521375740 49] Android_Mali_G710, [0000022526D54300][00000225213798C0 49] Android_Mali_G710_Vulkan, [0000022526D10200][000002252137DA40 49] Android_Vulkan_SM5, [0000022526D54800][0000022521381BC0 49] Android_PowerVR_G6xxx, [0000022526D12500][00000225213841C0 49] Android_PowerVR_GT7xxx, [0000022526D54E00][0000022521388340 49] Android_PowerVR_GE8xxx, [0000022526D11500][000002252138C4C0 49] Android_PowerVR_GM9xxx, [0000022526D54D00][0000022521390640 49] Android_PowerVR_GM9xxx_Vulkan, [0000022526D11900][00000225213947C0 49] Android_TegraK1, [0000022526D54600][0000022521398940 49] Android_Unknown_Vulkan, [0000022526D13800][000002252139CAC0 49] Lumin, [0000022526D56600][00000225213A0C40 49] Lumin_Desktop, [0000022526D13B00][00000225213A4DC0 49] HoloLens, 
[2022.05.02-20.21.33:248][  0]LogMeshReduction: Using QuadricMeshReduction for automatic static mesh reduction
[2022.05.02-20.21.33:248][  0]LogMeshReduction: Using SimplygonMeshReduction for automatic skeletal mesh reduction
[2022.05.02-20.21.33:248][  0]LogMeshReduction: Using ProxyLODMeshReduction for automatic mesh merging
[2022.05.02-20.21.33:248][  0]LogMeshReduction: No distributed automatic mesh merging module available
[2022.05.02-20.21.33:248][  0]LogMeshMerging: No distributed automatic mesh merging module available
[2022.05.02-20.21.33:265][  0]LogNetVersion: Azumi3D 1.0.0, NetCL: 17155196, EngineNetVer: 17, GameNetVer: 0 (Checksum: 1765888018)
[2022.05.02-20.21.33:704][  0]LogTexture: Default maximum texture size for cubemaps generated from long-lat sources has been changed from 512 to unlimited. In order to preserve old behaiour for '/Engine/MapTemplates/Sky/DaylightAmbientCubemap.DaylightAmbientCubemap', its maximum texture size has been explicitly set to 512.
[2022.05.02-20.21.33:775][  0]LogHMD: PokeAHoleMaterial loaded successfully
[2022.05.02-20.21.33:781][  0]LogUObjectArray: 17178 objects as part of root set at end of initial load.
[2022.05.02-20.21.33:781][  0]LogUObjectAllocator: 4302048 out of 0 bytes used by permanent object pool.
[2022.05.02-20.21.33:781][  0]LogUObjectArray: CloseDisregardForGC: 0/0 objects in disregard for GC pool
[2022.05.02-20.21.33:936][  0]LogNiagaraDebuggerClient: Niagara Debugger Client Initialized | Session: A78E94114A370A8A4AB80DBA39A256CE | Instance: EE5063A145391D1012CB15B9C4CBB622 (DESKTOP-N711C4D-8776).
[2022.05.02-20.21.34:062][  0]LogPython: Using Python 3.7.7
[2022.05.02-20.21.34:727][  0]LogUdpMessaging: Initializing bridge on interface 0.0.0.0:0 to multicast group 230.0.0.1:6666.
[2022.05.02-20.21.34:733][  0]LogTcpMessaging: Initializing TcpMessaging bridge
[2022.05.02-20.21.34:995][  0]SourceControl: Source control is disabled
[2022.05.02-20.21.34:995][  0]SourceControl: Source control is disabled
[2022.05.02-20.21.34:997][  0]SourceControl: Source control is disabled
[2022.05.02-20.21.35:000][  0]SourceControl: Source control is disabled
[2022.05.02-20.21.35:013][  0]SourceControl: Source control is disabled
[2022.05.02-20.21.35:019][  0]LogUProjectInfo: Found projects:
[2022.05.02-20.21.35:025][  0]LogVSAccessor: Display: Unable to create Visual Studio setup instance: 80040154
[2022.05.02-20.21.35:026][  0]LogVSAccessor: Display: Unable to create Visual Studio setup instance: 80040154
[2022.05.02-20.21.35:026][  0]LogVSAccessor: Display: Unable to create Visual Studio setup instance: 80040154
[2022.05.02-20.21.35:191][  0]LogOpenImageDenoise: OIDN starting up
[2022.05.02-20.21.35:202][  0]LogAndroidPermission: UAndroidPermissionCallbackProxy::GetInstance
[2022.05.02-20.21.35:223][  0]LogAudioCaptureCore: Display: No Audio Capture implementations found. Audio input will be silent.
[2022.05.02-20.21.35:223][  0]LogAudioCaptureCore: Display: No Audio Capture implementations found. Audio input will be silent.
[2022.05.02-20.21.35:427][  0]LogOcInput: OculusInput pre-init called
[2022.05.02-20.21.35:636][  0]LogCollectionManager: Loaded 0 collections in 0.000769 seconds
[2022.05.02-20.21.35:697][  0]LogFileCache: Scanning file cache for directory 'D:/Documents/Unreal Projects/Azumi3D/Saved/Collections/' took 0.00s
[2022.05.02-20.21.35:697][  0]LogFileCache: Scanning file cache for directory 'D:/Documents/Unreal Projects/Azumi3D/Content/Developers/Sixten/Collections/' took 0.00s
[2022.05.02-20.21.35:697][  0]LogFileCache: Scanning file cache for directory 'D:/Documents/Unreal Projects/Azumi3D/Content/Collections/' took 0.00s
[2022.05.02-20.21.35:697][  0]LogEngine: Initializing Engine...
[2022.05.02-20.21.35:738][  0]LogHMD: Failed to enumerate extensions. Please check that you have a valid OpenXR runtime installed.
[2022.05.02-20.21.35:739][  0]LogHMD: Failed to initialize OpenVR with code 110
[2022.05.02-20.21.35:739][  0]LogMagicLeap: Warning: VR disabled because ZI is not enabled.  To enable, in the editor, Edit -> Project Settings -> Plugins -> Magic Leap Plugin -> Enable Zero Iteration
[2022.05.02-20.21.35:740][  0]LogStats: UGameplayTagsManager::InitializeManager -  0.000 s
[2022.05.02-20.21.35:902][  0]LogInit: Initializing FReadOnlyCVARCache
[2022.05.02-20.21.35:910][  0]LogAIModule: Creating AISystem for world Untitled
[2022.05.02-20.21.35:912][  0]LogAudio: Display: Initializing Audio Device Manager...
[2022.05.02-20.21.35:915][  0]LogAudio: Display: Loading Default Audio Settings Objects...
[2022.05.02-20.21.35:915][  0]LogAudio: Display: No default SoundConcurrencyObject specified (or failed to load).
[2022.05.02-20.21.35:916][  0]LogAudio: Display: Audio Device Manager Initialized
[2022.05.02-20.21.35:916][  0]LogAudio: Display: Creating Audio Device:                 Id: 1, Scope: Shared, Realtime: True
[2022.05.02-20.21.35:916][  0]LogAudioMixer: Display: Audio Mixer Platform Settings:
[2022.05.02-20.21.35:916][  0]LogAudioMixer: Display: 	Sample Rate:						  48000
[2022.05.02-20.21.35:916][  0]LogAudioMixer: Display: 	Callback Buffer Frame Size Requested: 1024
[2022.05.02-20.21.35:916][  0]LogAudioMixer: Display: 	Callback Buffer Frame Size To Use:	  1024
[2022.05.02-20.21.35:916][  0]LogAudioMixer: Display: 	Number of buffers to queue:			  2
[2022.05.02-20.21.35:916][  0]LogAudioMixer: Display: 	Max Channels (voices):				  32
[2022.05.02-20.21.35:916][  0]LogAudioMixer: Display: 	Number of Async Source Workers:		  0
[2022.05.02-20.21.35:916][  0]LogAudio: Display: AudioDevice MaxSources: 32
[2022.05.02-20.21.35:916][  0]LogAudio: Display: Audio Spatialization Plugin: None (built-in).
[2022.05.02-20.21.35:916][  0]LogAudio: Display: Audio Reverb Plugin: None (built-in).
[2022.05.02-20.21.35:916][  0]LogAudio: Display: Audio Occlusion Plugin: None (built-in).
[2022.05.02-20.21.35:916][  0]LogAudioMixer: Display: Initializing audio mixer.
[2022.05.02-20.21.35:928][  0]LogAudioMixer: Display: 0: FrontLeft
[2022.05.02-20.21.35:928][  0]LogAudioMixer: Display: 1: FrontRight
[2022.05.02-20.21.35:946][  0]LogAudioMixer: Display: Using Audio Device Speakers (High Definition Audio Device)
[2022.05.02-20.21.35:949][  0]LogAudioMixer: Display: Initializing Sound Submixes...
[2022.05.02-20.21.35:951][  0]LogAudioMixer: Display: Creating Master Submix 'MasterSubmixDefault'
[2022.05.02-20.21.35:951][  0]LogAudioMixer: Display: Creating Master Submix 'MasterReverbSubmixDefault'
[2022.05.02-20.21.35:952][  0]LogAudioMixer: Display: Creating Master Submix 'MasterEQSubmixDefault'
[2022.05.02-20.21.35:952][  0]LogAudioMixer: FMixerPlatformXAudio2::StartAudioStream() called
[2022.05.02-20.21.35:952][  0]LogAudioMixer: Display: Output buffers initialized: Frames=1024, Channels=2, Samples=2048
[2022.05.02-20.21.35:953][  0]LogAudioMixer: Display: Starting AudioMixerPlatformInterface::RunInternal()
[2022.05.02-20.21.35:953][  0]LogAudioMixer: Display: FMixerPlatformXAudio2::SubmitBuffer() called for the first time
[2022.05.02-20.21.35:953][  0]LogInit: FAudioDevice initialized.
[2022.05.02-20.21.35:953][  0]LogAudio: Display: Audio Device (ID: 1) registered with world 'Untitled'.
[2022.05.02-20.21.35:954][  0]LogNetVersion: Set ProjectVersion to 1.0.0.0. Version Checksum will be recalculated on next use.
[2022.05.02-20.21.36:071][  0]LogDerivedDataCache: Saved boot cache 0.12s 94MB C:/Users/Sixten/AppData/Local/UnrealEngine/4.27/DerivedDataCache/Boot.ddc.
[2022.05.02-20.21.36:071][  0]LogInit: Texture streaming: Enabled
[2022.05.02-20.21.36:083][  0]LogAnalytics: Display: [UEEditor.Rocket.Release] APIServer = https://datarouter.ol.epicgames.com/. AppVersion = 4.27.2-18319896+++UE4+Release-4.27
[2022.05.02-20.21.36:086][  0]LogEngineSessionManager: EngineSessionManager initialized
[2022.05.02-20.21.36:086][  0]LogEditorSessionSummary: Verbose: Initializing EditorSessionSummaryWriter for editor session tracking
[2022.05.02-20.21.36:088][  0]LogEditorSessionSummary: EditorSessionSummaryWriter initialized
[2022.05.02-20.21.36:115][  0]LogInit: Transaction tracking system initialized
[2022.05.02-20.21.36:133][  0]BlueprintLog: New page: Editor Load
[2022.05.02-20.21.36:215][  0]LocalizationService: Localization service is disabled
[2022.05.02-20.21.36:237][  0]TimingProfiler: Initialize
[2022.05.02-20.21.36:237][  0]TimingProfiler: OnSessionChanged
[2022.05.02-20.21.36:237][  0]LoadingProfiler: Initialize
[2022.05.02-20.21.36:237][  0]LoadingProfiler: OnSessionChanged
[2022.05.02-20.21.36:237][  0]NetworkingProfiler: Initialize
[2022.05.02-20.21.36:237][  0]NetworkingProfiler: OnSessionChanged
[2022.05.02-20.21.36:237][  0]MemoryProfiler: Initialize
[2022.05.02-20.21.36:237][  0]MemoryProfiler: OnSessionChanged
[2022.05.02-20.21.36:290][  0]LogVSAccessor: Display: Unable to create Visual Studio setup instance: 80040154
[2022.05.02-20.21.36:291][  0]LogVSAccessor: Display: Unable to create Visual Studio setup instance: 80040154
[2022.05.02-20.21.36:291][  0]LogVSAccessor: Display: Unable to create Visual Studio setup instance: 80040154
[2022.05.02-20.21.36:406][  0]LogCook: Display: CookSettings for Memory: MemoryMaxUsedVirtual 0MiB, MemoryMaxUsedPhysical 16384MiB, MemoryMinFreeVirtual 0MiB, MemoryMinFreePhysical 1024MiB
[2022.05.02-20.21.36:406][  0]LogCook: Display: Mobile HDR setting 1
[2022.05.02-20.21.36:591][  0]LogFileCache: Scanning file cache for directory 'D:/Documents/Unreal Projects/Azumi3D/Content/' took 0.00s
[2022.05.02-20.21.36:793][  0]LogInit: Display: Engine is initialized. Leaving FEngineLoop::Init()
[2022.05.02-20.21.36:796][  0]SourceControl: Source control is disabled
[2022.05.02-20.21.36:796][  0]LogUnrealEdMisc: Loading editor; pre map load, took 7.890
[2022.05.02-20.21.36:796][  0]Cmd: MAP LOAD FILE="../../../../../Documents/Unreal Projects/Azumi3D/Content/ThirdPersonBP/Maps/ThirdPersonExampleMap.umap" TEMPLATE=0 SHOWPROGRESS=1 FEATURELEVEL=3
[2022.05.02-20.21.36:842][  0]LightingResults: New page: Lighting Build
[2022.05.02-20.21.36:843][  0]LogWorld: UWorld::CleanupWorld for Untitled, bSessionEnded=true, bCleanupResources=true
[2022.05.02-20.21.36:843][  0]LogSlate: InvalidateAllWidgets triggered.  All widgets were invalidated
[2022.05.02-20.21.36:843][  0]MapCheck: New page: Map Check
[2022.05.02-20.21.36:843][  0]LightingResults: New page: Lighting Build
[2022.05.02-20.21.36:848][  0]LogAudio: Display: Audio Device unregistered from world 'None'.
[2022.05.02-20.21.36:851][  0]LogUObjectHash: Compacting FUObjectHashTables data took   0.95ms
[2022.05.02-20.21.38:270][  0]LogAudio: Display: Audio Device (ID: 1) registered with world 'ThirdPersonExampleMap'.
[2022.05.02-20.21.38:272][  0]LogAIModule: Creating AISystem for world ThirdPersonExampleMap
[2022.05.02-20.21.38:288][  0]LogEditorServer: Finished looking for orphan Actors (0.000 secs)
[2022.05.02-20.21.38:306][  0]LogUObjectHash: Compacting FUObjectHashTables data took   1.15ms
[2022.05.02-20.21.38:306][  0]Cmd: MAP CHECKDEP NOCLEARLOG
[2022.05.02-20.21.38:306][  0]MapCheck: Map check complete: 0 Error(s), 0 Warning(s), took 0,122ms to complete.
[2022.05.02-20.21.38:306][  0]LogFileHelpers: Loading map 'ThirdPersonExampleMap' took 1.510
[2022.05.02-20.21.38:308][  0]LogUnrealEdMisc: Total Editor Startup Time, took 9.403
[2022.05.02-20.21.38:618][  0]LogSlate: Updating window title bar state: overlay mode, drag disabled, window buttons hidden, title bar hidden
[2022.05.02-20.21.38:628][  0]LogSlate: Updating window title bar state: overlay mode, drag disabled, window buttons hidden, title bar hidden
[2022.05.02-20.21.38:636][  0]LogSlate: Updating window title bar state: overlay mode, drag disabled, window buttons hidden, title bar hidden
[2022.05.02-20.21.38:644][  0]LogSlate: Updating window title bar state: overlay mode, drag disabled, window buttons hidden, title bar hidden
[2022.05.02-20.21.38:724][  0]LogNativeClassHierarchy: Verbose: Native class hierarchy populated in 0.0115 seconds. Added 3822 classes and 928 folders.
[2022.05.02-20.21.38:813][  0]LogNativeClassHierarchy: Verbose: Native class hierarchy updated for 'WidgetCarousel' in 0.0003 seconds. Added 0 classes and 0 folders.
[2022.05.02-20.21.38:858][  0]LogPakFile: PakFile PrimaryIndexSize=187
[2022.05.02-20.21.38:858][  0]LogPakFile: PakFile PathHashIndexSize=101
[2022.05.02-20.21.38:858][  0]LogPakFile: PakFile FullDirectoryIndexSize=148
[2022.05.02-20.21.38:858][  0]LogShaderLibrary: Display: ShaderCodeLibraryPakFileMountedCallback: PakFile 'D:/Programs/UE_4.27/FeaturePacks/FP_FirstPerson.upack' (chunk index -1, root 'root:/') mounted
[2022.05.02-20.21.38:858][  0]LogShaderLibrary: Display: ShaderCodeLibraryPakFileMountedCallback: pending pak file info (ChunkID:-1 Root:root:/ File:D:/Programs/UE_4.27/FeaturePacks/FP_FirstPerson.upack)
[2022.05.02-20.21.38:858][  0]LogPakFile: OnPakFileMounted2Time == 0.000071
[2022.05.02-20.21.38:870][  0]LogPakFile: PakFile PrimaryIndexSize=189
[2022.05.02-20.21.38:870][  0]LogPakFile: PakFile PathHashIndexSize=101
[2022.05.02-20.21.38:870][  0]LogPakFile: PakFile FullDirectoryIndexSize=152
[2022.05.02-20.21.38:870][  0]LogShaderLibrary: Display: ShaderCodeLibraryPakFileMountedCallback: PakFile 'D:/Programs/UE_4.27/FeaturePacks/FP_FirstPersonBP.upack' (chunk index -1, root 'root:/') mounted
[2022.05.02-20.21.38:870][  0]LogShaderLibrary: Display: ShaderCodeLibraryPakFileMountedCallback: pending pak file info (ChunkID:-1 Root:root:/ File:D:/Programs/UE_4.27/FeaturePacks/FP_FirstPersonBP.upack)
[2022.05.02-20.21.38:870][  0]LogPakFile: OnPakFileMounted2Time == 0.000053
[2022.05.02-20.21.38:874][  0]LogPakFile: PakFile PrimaryIndexSize=191
[2022.05.02-20.21.38:874][  0]LogPakFile: PakFile PathHashIndexSize=101
[2022.05.02-20.21.38:874][  0]LogPakFile: PakFile FullDirectoryIndexSize=160
[2022.05.02-20.21.38:874][  0]LogShaderLibrary: Display: ShaderCodeLibraryPakFileMountedCallback: PakFile 'D:/Programs/UE_4.27/FeaturePacks/MobileStarterContent.upack' (chunk index -1, root 'root:/') mounted
[2022.05.02-20.21.38:874][  0]LogShaderLibrary: Display: ShaderCodeLibraryPakFileMountedCallback: pending pak file info (ChunkID:-1 Root:root:/ File:D:/Programs/UE_4.27/FeaturePacks/MobileStarterContent.upack)
[2022.05.02-20.21.38:874][  0]LogPakFile: OnPakFileMounted2Time == 0.000044
[2022.05.02-20.21.38:876][  0]LogPakFile: PakFile PrimaryIndexSize=185
[2022.05.02-20.21.38:876][  0]LogPakFile: PakFile PathHashIndexSize=101
[2022.05.02-20.21.38:876][  0]LogPakFile: PakFile FullDirectoryIndexSize=148
[2022.05.02-20.21.38:876][  0]LogShaderLibrary: Display: ShaderCodeLibraryPakFileMountedCallback: PakFile 'D:/Programs/UE_4.27/FeaturePacks/StarterContent.upack' (chunk index -1, root 'root:/') mounted
[2022.05.02-20.21.38:876][  0]LogShaderLibrary: Display: ShaderCodeLibraryPakFileMountedCallback: pending pak file info (ChunkID:-1 Root:root:/ File:D:/Programs/UE_4.27/FeaturePacks/StarterContent.upack)
[2022.05.02-20.21.38:876][  0]LogPakFile: OnPakFileMounted2Time == 0.000046
[2022.05.02-20.21.38:881][  0]LogPakFile: PakFile PrimaryIndexSize=190
[2022.05.02-20.21.38:881][  0]LogPakFile: PakFile PathHashIndexSize=101
[2022.05.02-20.21.38:881][  0]LogPakFile: PakFile FullDirectoryIndexSize=154
[2022.05.02-20.21.38:881][  0]LogShaderLibrary: Display: ShaderCodeLibraryPakFileMountedCallback: PakFile 'D:/Programs/UE_4.27/FeaturePacks/TP_2DSideScroller.upack' (chunk index -1, root 'root:/') mounted
[2022.05.02-20.21.38:881][  0]LogShaderLibrary: Display: ShaderCodeLibraryPakFileMountedCallback: pending pak file info (ChunkID:-1 Root:root:/ File:D:/Programs/UE_4.27/FeaturePacks/TP_2DSideScroller.upack)
[2022.05.02-20.21.38:881][  0]LogPakFile: OnPakFileMounted2Time == 0.000045
[2022.05.02-20.21.38:883][  0]LogPakFile: PakFile PrimaryIndexSize=192
[2022.05.02-20.21.38:883][  0]LogPakFile: PakFile PathHashIndexSize=101
[2022.05.02-20.21.38:883][  0]LogPakFile: PakFile FullDirectoryIndexSize=158
[2022.05.02-20.21.38:883][  0]LogShaderLibrary: Display: ShaderCodeLibraryPakFileMountedCallback: PakFile 'D:/Programs/UE_4.27/FeaturePacks/TP_2DSideScrollerBP.upack' (chunk index -1, root 'root:/') mounted
[2022.05.02-20.21.38:883][  0]LogShaderLibrary: Display: ShaderCodeLibraryPakFileMountedCallback: pending pak file info (ChunkID:-1 Root:root:/ File:D:/Programs/UE_4.27/FeaturePacks/TP_2DSideScrollerBP.upack)
[2022.05.02-20.21.38:883][  0]LogPakFile: OnPakFileMounted2Time == 0.000044
[2022.05.02-20.21.38:884][  0]LogPakFile: PakFile PrimaryIndexSize=182
[2022.05.02-20.21.38:884][  0]LogPakFile: PakFile PathHashIndexSize=101
[2022.05.02-20.21.38:884][  0]LogPakFile: PakFile FullDirectoryIndexSize=138
[2022.05.02-20.21.38:884][  0]LogShaderLibrary: Display: ShaderCodeLibraryPakFileMountedCallback: PakFile 'D:/Programs/UE_4.27/FeaturePacks/TP_Flying.upack' (chunk index -1, root 'root:/') mounted
[2022.05.02-20.21.38:884][  0]LogShaderLibrary: Display: ShaderCodeLibraryPakFileMountedCallback: pending pak file info (ChunkID:-1 Root:root:/ File:D:/Programs/UE_4.27/FeaturePacks/TP_Flying.upack)
[2022.05.02-20.21.38:884][  0]LogPakFile: OnPakFileMounted2Time == 0.000046
[2022.05.02-20.21.38:895][  0]LogPakFile: PakFile PrimaryIndexSize=184
[2022.05.02-20.21.38:895][  0]LogPakFile: PakFile PathHashIndexSize=101
[2022.05.02-20.21.38:895][  0]LogPakFile: PakFile FullDirectoryIndexSize=142
[2022.05.02-20.21.38:895][  0]LogShaderLibrary: Display: ShaderCodeLibraryPakFileMountedCallback: PakFile 'D:/Programs/UE_4.27/FeaturePacks/TP_FlyingBP.upack' (chunk index -1, root 'root:/') mounted
[2022.05.02-20.21.38:895][  0]LogShaderLibrary: Display: ShaderCodeLibraryPakFileMountedCallback: pending pak file info (ChunkID:-1 Root:root:/ File:D:/Programs/UE_4.27/FeaturePacks/TP_FlyingBP.upack)
[2022.05.02-20.21.38:895][  0]LogPakFile: OnPakFileMounted2Time == 0.000045
[2022.05.02-20.21.38:914][  0]LogPakFile: PakFile PrimaryIndexSize=188
[2022.05.02-20.21.38:915][  0]LogPakFile: PakFile PathHashIndexSize=101
[2022.05.02-20.21.38:915][  0]LogPakFile: PakFile FullDirectoryIndexSize=150
[2022.05.02-20.21.38:915][  0]LogShaderLibrary: Display: ShaderCodeLibraryPakFileMountedCallback: PakFile 'D:/Programs/UE_4.27/FeaturePacks/TP_HandheldARBP.upack' (chunk index -1, root 'root:/') mounted
[2022.05.02-20.21.38:915][  0]LogShaderLibrary: Display: ShaderCodeLibraryPakFileMountedCallback: pending pak file info (ChunkID:-1 Root:root:/ File:D:/Programs/UE_4.27/FeaturePacks/TP_HandheldARBP.upack)
[2022.05.02-20.21.38:915][  0]LogPakFile: OnPakFileMounted2Time == 0.000048
[2022.05.02-20.21.38:924][  0]LogPakFile: PakFile PrimaryIndexSize=182
[2022.05.02-20.21.38:924][  0]LogPakFile: PakFile PathHashIndexSize=101
[2022.05.02-20.21.38:924][  0]LogPakFile: PakFile FullDirectoryIndexSize=138
[2022.05.02-20.21.38:924][  0]LogShaderLibrary: Display: ShaderCodeLibraryPakFileMountedCallback: PakFile 'D:/Programs/UE_4.27/FeaturePacks/TP_Puzzle.upack' (chunk index -1, root 'root:/') mounted
[2022.05.02-20.21.38:924][  0]LogShaderLibrary: Display: ShaderCodeLibraryPakFileMountedCallback: pending pak file info (ChunkID:-1 Root:root:/ File:D:/Programs/UE_4.27/FeaturePacks/TP_Puzzle.upack)
[2022.05.02-20.21.38:924][  0]LogPakFile: OnPakFileMounted2Time == 0.000051
[2022.05.02-20.21.38:930][  0]LogPakFile: PakFile PrimaryIndexSize=184
[2022.05.02-20.21.38:930][  0]LogPakFile: PakFile PathHashIndexSize=101
[2022.05.02-20.21.38:930][  0]LogPakFile: PakFile FullDirectoryIndexSize=142
[2022.05.02-20.21.38:930][  0]LogShaderLibrary: Display: ShaderCodeLibraryPakFileMountedCallback: PakFile 'D:/Programs/UE_4.27/FeaturePacks/TP_PuzzleBP.upack' (chunk index -1, root 'root:/') mounted
[2022.05.02-20.21.38:930][  0]LogShaderLibrary: Display: ShaderCodeLibraryPakFileMountedCallback: pending pak file info (ChunkID:-1 Root:root:/ File:D:/Programs/UE_4.27/FeaturePacks/TP_PuzzleBP.upack)
[2022.05.02-20.21.38:930][  0]LogPakFile: OnPakFileMounted2Time == 0.000046
[2022.05.02-20.21.38:949][  0]LogPakFile: PakFile PrimaryIndexSize=183
[2022.05.02-20.21.38:949][  0]LogPakFile: PakFile PathHashIndexSize=101
[2022.05.02-20.21.38:949][  0]LogPakFile: PakFile FullDirectoryIndexSize=140
[2022.05.02-20.21.38:949][  0]LogShaderLibrary: Display: ShaderCodeLibraryPakFileMountedCallback: PakFile 'D:/Programs/UE_4.27/FeaturePacks/TP_Rolling.upack' (chunk index -1, root 'root:/') mounted
[2022.05.02-20.21.38:949][  0]LogShaderLibrary: Display: ShaderCodeLibraryPakFileMountedCallback: pending pak file info (ChunkID:-1 Root:root:/ File:D:/Programs/UE_4.27/FeaturePacks/TP_Rolling.upack)
[2022.05.02-20.21.38:949][  0]LogPakFile: OnPakFileMounted2Time == 0.000049
[2022.05.02-20.21.38:959][  0]LogPakFile: PakFile PrimaryIndexSize=185
[2022.05.02-20.21.38:959][  0]LogPakFile: PakFile PathHashIndexSize=101
[2022.05.02-20.21.38:959][  0]LogPakFile: PakFile FullDirectoryIndexSize=144
[2022.05.02-20.21.38:959][  0]LogShaderLibrary: Display: ShaderCodeLibraryPakFileMountedCallback: PakFile 'D:/Programs/UE_4.27/FeaturePacks/TP_RollingBP.upack' (chunk index -1, root 'root:/') mounted
[2022.05.02-20.21.38:959][  0]LogShaderLibrary: Display: ShaderCodeLibraryPakFileMountedCallback: pending pak file info (ChunkID:-1 Root:root:/ File:D:/Programs/UE_4.27/FeaturePacks/TP_RollingBP.upack)
[2022.05.02-20.21.38:959][  0]LogPakFile: OnPakFileMounted2Time == 0.000045
[2022.05.02-20.21.38:960][  0]LogPakFile: PakFile PrimaryIndexSize=188
[2022.05.02-20.21.38:960][  0]LogPakFile: PakFile PathHashIndexSize=101
[2022.05.02-20.21.38:960][  0]LogPakFile: PakFile FullDirectoryIndexSize=150
[2022.05.02-20.21.38:960][  0]LogShaderLibrary: Display: ShaderCodeLibraryPakFileMountedCallback: PakFile 'D:/Programs/UE_4.27/FeaturePacks/TP_SideScroller.upack' (chunk index -1, root 'root:/') mounted
[2022.05.02-20.21.38:960][  0]LogShaderLibrary: Display: ShaderCodeLibraryPakFileMountedCallback: pending pak file info (ChunkID:-1 Root:root:/ File:D:/Programs/UE_4.27/FeaturePacks/TP_SideScroller.upack)
[2022.05.02-20.21.38:960][  0]LogPakFile: OnPakFileMounted2Time == 0.000044
[2022.05.02-20.21.38:961][  0]LogPakFile: PakFile PrimaryIndexSize=190
[2022.05.02-20.21.38:962][  0]LogPakFile: PakFile PathHashIndexSize=101
[2022.05.02-20.21.38:962][  0]LogPakFile: PakFile FullDirectoryIndexSize=154
[2022.05.02-20.21.38:962][  0]LogShaderLibrary: Display: ShaderCodeLibraryPakFileMountedCallback: PakFile 'D:/Programs/UE_4.27/FeaturePacks/TP_SideScrollerBP.upack' (chunk index -1, root 'root:/') mounted
[2022.05.02-20.21.38:962][  0]LogShaderLibrary: Display: ShaderCodeLibraryPakFileMountedCallback: pending pak file info (ChunkID:-1 Root:root:/ File:D:/Programs/UE_4.27/FeaturePacks/TP_SideScrollerBP.upack)
[2022.05.02-20.21.38:962][  0]LogPakFile: OnPakFileMounted2Time == 0.000044
[2022.05.02-20.21.38:963][  0]LogPakFile: PakFile PrimaryIndexSize=187
[2022.05.02-20.21.38:963][  0]LogPakFile: PakFile PathHashIndexSize=101
[2022.05.02-20.21.38:963][  0]LogPakFile: PakFile FullDirectoryIndexSize=148
[2022.05.02-20.21.38:963][  0]LogShaderLibrary: Display: ShaderCodeLibraryPakFileMountedCallback: PakFile 'D:/Programs/UE_4.27/FeaturePacks/TP_ThirdPerson.upack' (chunk index -1, root 'root:/') mounted
[2022.05.02-20.21.38:963][  0]LogShaderLibrary: Display: ShaderCodeLibraryPakFileMountedCallback: pending pak file info (ChunkID:-1 Root:root:/ File:D:/Programs/UE_4.27/FeaturePacks/TP_ThirdPerson.upack)
[2022.05.02-20.21.38:963][  0]LogPakFile: OnPakFileMounted2Time == 0.000044
[2022.05.02-20.21.38:965][  0]LogPakFile: PakFile PrimaryIndexSize=189
[2022.05.02-20.21.38:965][  0]LogPakFile: PakFile PathHashIndexSize=101
[2022.05.02-20.21.38:965][  0]LogPakFile: PakFile FullDirectoryIndexSize=152
[2022.05.02-20.21.38:965][  0]LogShaderLibrary: Display: ShaderCodeLibraryPakFileMountedCallback: PakFile 'D:/Programs/UE_4.27/FeaturePacks/TP_ThirdPersonBP.upack' (chunk index -1, root 'root:/') mounted
[2022.05.02-20.21.38:965][  0]LogShaderLibrary: Display: ShaderCodeLibraryPakFileMountedCallback: pending pak file info (ChunkID:-1 Root:root:/ File:D:/Programs/UE_4.27/FeaturePacks/TP_ThirdPersonBP.upack)
[2022.05.02-20.21.38:965][  0]LogPakFile: OnPakFileMounted2Time == 0.000044
[2022.05.02-20.21.38:970][  0]LogPakFile: PakFile PrimaryIndexSize=183
[2022.05.02-20.21.38:970][  0]LogPakFile: PakFile PathHashIndexSize=101
[2022.05.02-20.21.38:970][  0]LogPakFile: PakFile FullDirectoryIndexSize=140
[2022.05.02-20.21.38:970][  0]LogShaderLibrary: Display: ShaderCodeLibraryPakFileMountedCallback: PakFile 'D:/Programs/UE_4.27/FeaturePacks/TP_TopDown.upack' (chunk index -1, root 'root:/') mounted
[2022.05.02-20.21.38:970][  0]LogShaderLibrary: Display: ShaderCodeLibraryPakFileMountedCallback: pending pak file info (ChunkID:-1 Root:root:/ File:D:/Programs/UE_4.27/FeaturePacks/TP_TopDown.upack)
[2022.05.02-20.21.38:970][  0]LogPakFile: OnPakFileMounted2Time == 0.000054
[2022.05.02-20.21.38:979][  0]LogPakFile: PakFile PrimaryIndexSize=185
[2022.05.02-20.21.38:979][  0]LogPakFile: PakFile PathHashIndexSize=101
[2022.05.02-20.21.38:979][  0]LogPakFile: PakFile FullDirectoryIndexSize=144
[2022.05.02-20.21.38:979][  0]LogShaderLibrary: Display: ShaderCodeLibraryPakFileMountedCallback: PakFile 'D:/Programs/UE_4.27/FeaturePacks/TP_TopDownBP.upack' (chunk index -1, root 'root:/') mounted
[2022.05.02-20.21.38:979][  0]LogShaderLibrary: Display: ShaderCodeLibraryPakFileMountedCallback: pending pak file info (ChunkID:-1 Root:root:/ File:D:/Programs/UE_4.27/FeaturePacks/TP_TopDownBP.upack)
[2022.05.02-20.21.38:979][  0]LogPakFile: OnPakFileMounted2Time == 0.000044
[2022.05.02-20.21.38:981][  0]LogPakFile: PakFile PrimaryIndexSize=185
[2022.05.02-20.21.38:981][  0]LogPakFile: PakFile PathHashIndexSize=101
[2022.05.02-20.21.38:981][  0]LogPakFile: PakFile FullDirectoryIndexSize=144
[2022.05.02-20.21.38:981][  0]LogShaderLibrary: Display: ShaderCodeLibraryPakFileMountedCallback: PakFile 'D:/Programs/UE_4.27/FeaturePacks/TP_TwinStick.upack' (chunk index -1, root 'root:/') mounted
[2022.05.02-20.21.38:981][  0]LogShaderLibrary: Display: ShaderCodeLibraryPakFileMountedCallback: pending pak file info (ChunkID:-1 Root:root:/ File:D:/Programs/UE_4.27/FeaturePacks/TP_TwinStick.upack)
[2022.05.02-20.21.38:981][  0]LogPakFile: OnPakFileMounted2Time == 0.000044
[2022.05.02-20.21.38:982][  0]LogPakFile: PakFile PrimaryIndexSize=187
[2022.05.02-20.21.38:982][  0]LogPakFile: PakFile PathHashIndexSize=101
[2022.05.02-20.21.38:982][  0]LogPakFile: PakFile FullDirectoryIndexSize=148
[2022.05.02-20.21.38:982][  0]LogShaderLibrary: Display: ShaderCodeLibraryPakFileMountedCallback: PakFile 'D:/Programs/UE_4.27/FeaturePacks/TP_TwinStickBP.upack' (chunk index -1, root 'root:/') mounted
[2022.05.02-20.21.38:982][  0]LogShaderLibrary: Display: ShaderCodeLibraryPakFileMountedCallback: pending pak file info (ChunkID:-1 Root:root:/ File:D:/Programs/UE_4.27/FeaturePacks/TP_TwinStickBP.upack)
[2022.05.02-20.21.38:982][  0]LogPakFile: OnPakFileMounted2Time == 0.000044
[2022.05.02-20.21.38:983][  0]LogPakFile: PakFile PrimaryIndexSize=183
[2022.05.02-20.21.38:983][  0]LogPakFile: PakFile PathHashIndexSize=101
[2022.05.02-20.21.38:983][  0]LogPakFile: PakFile FullDirectoryIndexSize=140
[2022.05.02-20.21.38:983][  0]LogShaderLibrary: Display: ShaderCodeLibraryPakFileMountedCallback: PakFile 'D:/Programs/UE_4.27/FeaturePacks/TP_Vehicle.upack' (chunk index -1, root 'root:/') mounted
[2022.05.02-20.21.38:983][  0]LogShaderLibrary: Display: ShaderCodeLibraryPakFileMountedCallback: pending pak file info (ChunkID:-1 Root:root:/ File:D:/Programs/UE_4.27/FeaturePacks/TP_Vehicle.upack)
[2022.05.02-20.21.38:983][  0]LogPakFile: OnPakFileMounted2Time == 0.000046
[2022.05.02-20.21.38:985][  0]LogPakFile: PakFile PrimaryIndexSize=186
[2022.05.02-20.21.38:985][  0]LogPakFile: PakFile PathHashIndexSize=101
[2022.05.02-20.21.38:985][  0]LogPakFile: PakFile FullDirectoryIndexSize=146
[2022.05.02-20.21.38:985][  0]LogShaderLibrary: Display: ShaderCodeLibraryPakFileMountedCallback: PakFile 'D:/Programs/UE_4.27/FeaturePacks/TP_VehicleAdv.upack' (chunk index -1, root 'root:/') mounted
[2022.05.02-20.21.38:985][  0]LogShaderLibrary: Display: ShaderCodeLibraryPakFileMountedCallback: pending pak file info (ChunkID:-1 Root:root:/ File:D:/Programs/UE_4.27/FeaturePacks/TP_VehicleAdv.upack)
[2022.05.02-20.21.38:985][  0]LogPakFile: OnPakFileMounted2Time == 0.000044
[2022.05.02-20.21.38:986][  0]LogPakFile: PakFile PrimaryIndexSize=188
[2022.05.02-20.21.38:986][  0]LogPakFile: PakFile PathHashIndexSize=101
[2022.05.02-20.21.38:986][  0]LogPakFile: PakFile FullDirectoryIndexSize=150
[2022.05.02-20.21.38:986][  0]LogShaderLibrary: Display: ShaderCodeLibraryPakFileMountedCallback: PakFile 'D:/Programs/UE_4.27/FeaturePacks/TP_VehicleAdvBP.upack' (chunk index -1, root 'root:/') mounted
[2022.05.02-20.21.38:986][  0]LogShaderLibrary: Display: ShaderCodeLibraryPakFileMountedCallback: pending pak file info (ChunkID:-1 Root:root:/ File:D:/Programs/UE_4.27/FeaturePacks/TP_VehicleAdvBP.upack)
[2022.05.02-20.21.38:986][  0]LogPakFile: OnPakFileMounted2Time == 0.000050
[2022.05.02-20.21.38:988][  0]LogPakFile: PakFile PrimaryIndexSize=185
[2022.05.02-20.21.38:988][  0]LogPakFile: PakFile PathHashIndexSize=101
[2022.05.02-20.21.38:988][  0]LogPakFile: PakFile FullDirectoryIndexSize=144
[2022.05.02-20.21.38:988][  0]LogShaderLibrary: Display: ShaderCodeLibraryPakFileMountedCallback: PakFile 'D:/Programs/UE_4.27/FeaturePacks/TP_VehicleBP.upack' (chunk index -1, root 'root:/') mounted
[2022.05.02-20.21.38:988][  0]LogShaderLibrary: Display: ShaderCodeLibraryPakFileMountedCallback: pending pak file info (ChunkID:-1 Root:root:/ File:D:/Programs/UE_4.27/FeaturePacks/TP_VehicleBP.upack)
[2022.05.02-20.21.38:988][  0]LogPakFile: OnPakFileMounted2Time == 0.000046
[2022.05.02-20.21.38:990][  0]LogPakFile: PakFile PrimaryIndexSize=192
[2022.05.02-20.21.38:990][  0]LogPakFile: PakFile PathHashIndexSize=101
[2022.05.02-20.21.38:990][  0]LogPakFile: PakFile FullDirectoryIndexSize=158
[2022.05.02-20.21.38:990][  0]LogShaderLibrary: Display: ShaderCodeLibraryPakFileMountedCallback: PakFile 'D:/Programs/UE_4.27/FeaturePacks/TP_VirtualRealityBP.upack' (chunk index -1, root 'root:/') mounted
[2022.05.02-20.21.38:990][  0]LogShaderLibrary: Display: ShaderCodeLibraryPakFileMountedCallback: pending pak file info (ChunkID:-1 Root:root:/ File:D:/Programs/UE_4.27/FeaturePacks/TP_VirtualRealityBP.upack)
[2022.05.02-20.21.38:990][  0]LogPakFile: OnPakFileMounted2Time == 0.000045
[2022.05.02-20.21.39:392][  0]LogNativeClassHierarchy: Verbose: Native class hierarchy updated for 'AddContentDialog' in 0.0003 seconds. Added 0 classes and 0 folders.
[2022.05.02-20.21.39:408][  0]LogNativeClassHierarchy: Verbose: Native class hierarchy updated for 'SceneOutliner' in 0.0004 seconds. Added 2 classes and 0 folders.
[2022.05.02-20.21.39:750][  0]LogSlate: Took 0.000184 seconds to synchronously load lazily loaded font '../../../Engine/Content/Slate/Fonts/Roboto-Regular.ttf' (155K)
[2022.05.02-20.21.39:764][  0]LogSlate: Took 0.011750 seconds to synchronously load lazily loaded font '../../../Engine/Content/Editor/Slate/Fonts/FontAwesome.ttf' (139K)
[2022.05.02-20.21.39:765][  0]LogSlate: Took 0.000132 seconds to synchronously load lazily loaded font '../../../Engine/Content/Slate/Fonts/Roboto-Bold.ttf' (160K)
[2022.05.02-20.21.39:910][  0]LogRenderer: Reallocating scene render targets to support 1208x572 Format 10 NumSamples 1 (Frame:1).
[2022.05.02-20.21.40:100][  0]LogNativeClassHierarchy: Verbose: Native class hierarchy updated for 'HierarchicalLODOutliner' in 0.0003 seconds. Added 0 classes and 0 folders.
[2022.05.02-20.21.40:100][  0]LogLoad: (Engine Initialization) Total time: 11.19 seconds
[2022.05.02-20.21.40:100][  0]LogLoad: (Engine Initialization) Total Blueprint compile time: 0.00 seconds
[2022.05.02-20.21.40:160][  0]LogSlate: Took 0.009198 seconds to synchronously load lazily loaded font '../../../Engine/Content/Slate/Fonts/Roboto-Light.ttf' (167K)
[2022.05.02-20.21.40:257][  0]LogUObjectHash: Compacting FUObjectHashTables data took   0.69ms
[2022.05.02-20.21.40:356][  0]LogSavePackage: Moving '../../../../../Documents/Unreal Projects/Azumi3D/Saved/ThirdPersonExampleMap594A18D04247CD305A8E3D8C0440B22A.tmp' to '../../../../../Documents/Unreal Projects/Azumi3D/Content/ThirdPersonBP/Maps/ThirdPersonExampleMap.umap'
[2022.05.02-20.21.40:580][  0]LogSavePackage: Moving '../../../../../Documents/Unreal Projects/Azumi3D/Saved/ThirdPersonExampleMap_BuiltData27B058A242AAA0587FD32CAC64FA8FD3.tmp' to '../../../../../Documents/Unreal Projects/Azumi3D/Content/ThirdPersonBP/Maps/ThirdPersonExampleMap_BuiltData.uasset'
[2022.05.02-20.21.40:606][  0]AssetCheck: New page: Asset Save: multiple assets
[2022.05.02-20.21.40:606][  0]LogContentValidation: Display: Validating MapBuildDataRegistry /Game/ThirdPersonBP/Maps/ThirdPersonExampleMap_BuiltData.ThirdPersonExampleMap_BuiltData
[2022.05.02-20.21.40:613][  0]LogContentValidation: Display: Validating World /Game/ThirdPersonBP/Maps/ThirdPersonExampleMap.ThirdPersonExampleMap
[2022.05.02-20.21.40:646][  0]LogAssetRegistry: Asset discovery search completed in 7.8915 seconds
[2022.05.02-20.21.40:653][  0]LogCollectionManager: Fixed up redirectors for 0 collections in 0.000004 seconds (updated 0 objects)
[2022.05.02-20.21.40:681][  0]LogContentStreaming: Texture pool size now 1000 MB
[2022.05.02-20.21.40:823][  2]LogSlate: Took 0.000172 seconds to synchronously load lazily loaded font '../../../Engine/Content/Slate/Fonts/Roboto-Light.ttf' (167K)
